[kbplacer_plugin_action.py:65]: Plugin version: 0.13
[kbplacer_plugin_action.py:66]: Python version: '3.11.5 (main, Sep 17 2025, 01:04:48) [MSC v.1944 64 bit (AMD64)]'
[kbplacer_plugin_action.py:67]: KiCad version: 9.0.6 with 4.2.2 msw (phoenix) wxWidgets 3.2.8
[kbplacer_dialog.py:586]: Language: en
[kbplacer_plugin_action.py:75]: GUI state: {"layout_path": "D:\\Projects\\keyboard\\layouts\\k618-pcb-match.json", "key_distance": [19.0, 19.0], "key_info": {"annotation_format": "MX{}", "position_option": "Default", "position": {"x": 0.0, "y": 0.0, "orientation": 0.0, "side": "Front"}, "template_path": ""}, "enable_diode_placement": false, "route_switches_with_diodes": false, "optimize_diodes_orientation": false, "diode_info": {"annotation_format": "D{}", "position_option": "Default", "position": {"x": 5.08, "y": 3.03, "orientation": 90.0, "side": "Back"}, "template_path": ""}, "additional_elements": [], "route_rows_and_columns": false, "template_path": "", "generate_outline": false, "outline_delta": 0.0}
[key_placer.py:362]: Set key 1U distance: 19000000/19000000
[key_placer.py:117]: Unexpected switch net position detected, each switch should have two unique nets unambiguously defining position in key matrix, switch-by-matrix association can't be used
[key_placer.py:124]: Switches by nets: {}
[key_placer.py:128]: Diodes by switch: {}
[board_modifier.py:64]: Searching for MX1 footprint in D:/Projects/keyboard/ZMK-G915/redragon-k618-pro/zmk-k618.kicad_pcb
[key_placer.py:558]: Looking for connection template between MX1 and other elements
[board_modifier.py:98]: Getting MX1 footprint position: (55700000, 241450000)
[key_placer.py:602]: Got connection template: 
[kle_serial.py:897]: User layout: [[{'x': 1.00926, 'w': 0.94736}, 'G1', {'w': 0.94736}, 'G2', {'w': 0.94736}, 'G3', {'w': 0.94736}, 'G4', {'w': 0.94736}, 'G5', {'x': 7.1079, 'w': 0.94736}, 'M1', {'x': -1.7763568394002505e-15, 'w': 0.94736}, 'M2', {'w': 0.94736}, 'M3', {'w': 0.94736}, 'M4', {'w': 0.94736}, 'MR'], [{'y': 0.10260000000000002}, 'Esc', {'x': 1}, 'F1', 'F2', 'F3', 'F4', {'x': 0.5}, 'F5', 'F6', 'F7', 'F8', {'x': 0.5}, 'F9', 'F10', 'F11', 'F12', {'x': 0.2644000000000002}, 'PrtSc', 'Scroll Lock', 'Pause\nBreak', {'x': 0.3791000000000011, 'w': 0.94736}, 'Vol/\nBright', {'w': 0.94736}, 'Pattern', {'w': 0.94736}, 'Color', {'w': 0.94736}, 'Mac/\nWin'], [{'y': 0.15269999999999984}, '~\n`', '!\n1', '@\n2', '#\n3', '$\n4', '%\n5', '^\n6', '&\n7', '*\n8', '(\n9', ')\n0', '_\n-', '+\n=', {'w': 2}, 'Backspace', {'x': 0.2644000000000002}, 'Insert', 'Home', 'PgUp', {'x': 0.27390000000000114}, 'Num Lock', '/', '*', '-'], [{'w': 1.5}, 'Tab', 'Q', 'W', 'E', 'R', 'T', 'Y', 'U', 'I', 'O', 'P', '{\n[', '}\n]', {'w': 1.5}, '|\n\\', {'x': 0.2644000000000002}, 'Delete', 'End', 'PgDn', {'x': 0.27390000000000114}, '7\nHome', '8\n↑', '9\nPgUp', {'h': 2}, '+'], [{'w': 1.75}, 'Caps Lock', 'A', 'S', 'D', 'F', 'G', 'H', 'J', 'K', 'L', ':\n;', '"\n\'', {'w': 2.25}, 'Enter', {'x': 3.5382999999999996}, '4\n←', '5', '6\n→'], [{'w': 2.25}, 'Shift', 'Z', 'X', 'C', 'V', 'B', 'N', 'M', '<\n,', '>\n.', '?\n/', {'w': 2.75}, 'Shift', {'x': 1.2643999999999984}, '↑', {'x': 1.2739000000000011}, '1\nEnd', '2\n↓', '3\nPgDn', {'h': 2}, 'Enter'], [{'w': 1.25}, 'Ctrl', {'w': 1.25}, 'Win', {'w': 1.25}, 'Alt', {'a': 7, 'w': 6.25}, '', {'a': 4, 'w': 1.25}, 'Alt', {'w': 1.25}, 'Win', {'w': 1.25}, 'Menu', {'w': 1.25}, 'Ctrl', {'x': 0.2644000000000002}, '←', '↓', '→', {'x': 0.27390000000000114, 'w': 2}, '0\nIns', '.\nDel']]
[key_placer.py:662]: Layout offset: (28824140, 28500000)
[board_modifier.py:85]: Setting MX1 footprint position: (57000000, 38000000)
[board_modifier.py:85]: Setting MX2 footprint position: (74999840, 38000000)
[board_modifier.py:85]: Setting MX3 footprint position: (92999679, 38000000)
[board_modifier.py:85]: Setting MX4 footprint position: (110999520, 38000000)
[board_modifier.py:85]: Setting MX5 footprint position: (128999360, 38000000)
[board_modifier.py:85]: Setting MX6 footprint position: (282049300, 38000000)
[board_modifier.py:85]: Setting MX7 footprint position: (300049140, 38000000)
[board_modifier.py:85]: Setting MX8 footprint position: (318048980, 38000000)
[board_modifier.py:85]: Setting MX9 footprint position: (336048820, 38000000)
[board_modifier.py:85]: Setting MX10 footprint position: (354048660, 38000000)
[board_modifier.py:85]: Setting MX11 footprint position: (38324140, 58949400)
[board_modifier.py:85]: Setting MX12 footprint position: (76324140, 58949400)
[board_modifier.py:85]: Setting MX13 footprint position: (95324140, 58949400)
[board_modifier.py:85]: Setting MX14 footprint position: (114324140, 58949400)
[board_modifier.py:85]: Setting MX15 footprint position: (133324140, 58949400)
[board_modifier.py:85]: Setting MX16 footprint position: (161824140, 58949400)
[board_modifier.py:85]: Setting MX17 footprint position: (180824140, 58949400)
[board_modifier.py:85]: Setting MX18 footprint position: (199824140, 58949400)
[board_modifier.py:85]: Setting MX19 footprint position: (218824140, 58949400)
[board_modifier.py:85]: Setting MX20 footprint position: (247324140, 58949400)
[board_modifier.py:85]: Setting MX21 footprint position: (266324140, 58949400)
[board_modifier.py:85]: Setting MX22 footprint position: (285324140, 58949400)
[board_modifier.py:85]: Setting MX23 footprint position: (304324140, 58949400)
[board_modifier.py:85]: Setting MX24 footprint position: (328347740, 58949400)
[board_modifier.py:85]: Setting MX25 footprint position: (347347739, 58949400)
[board_modifier.py:85]: Setting MX26 footprint position: (366347739, 58949400)
[board_modifier.py:85]: Setting MX27 footprint position: (392050560, 58949400)
[board_modifier.py:85]: Setting MX28 footprint position: (410050400, 58949400)
[board_modifier.py:85]: Setting MX29 footprint position: (428050240, 58949400)
[board_modifier.py:85]: Setting MX30 footprint position: (446050080, 58949400)
[board_modifier.py:85]: Setting MX31 footprint position: (38324140, 80850700)
[board_modifier.py:85]: Setting MX32 footprint position: (57324140, 80850700)
[board_modifier.py:85]: Setting MX33 footprint position: (76324140, 80850700)
[board_modifier.py:85]: Setting MX34 footprint position: (95324140, 80850700)
[board_modifier.py:85]: Setting MX35 footprint position: (114324140, 80850700)
[board_modifier.py:85]: Setting MX36 footprint position: (133324140, 80850700)
[board_modifier.py:85]: Setting MX37 footprint position: (152324140, 80850700)
[board_modifier.py:85]: Setting MX38 footprint position: (171324140, 80850700)
[board_modifier.py:85]: Setting MX39 footprint position: (190324140, 80850700)
[board_modifier.py:85]: Setting MX40 footprint position: (209324140, 80850700)
[board_modifier.py:85]: Setting MX41 footprint position: (228324140, 80850700)
[board_modifier.py:85]: Setting MX42 footprint position: (247324140, 80850700)
[board_modifier.py:85]: Setting MX43 footprint position: (266324140, 80850700)
[board_modifier.py:85]: Setting MX44 footprint position: (294824140, 80850700)
[board_modifier.py:85]: Setting MX45 footprint position: (328347740, 80850700)
[board_modifier.py:85]: Setting MX46 footprint position: (347347739, 80850700)
[board_modifier.py:85]: Setting MX47 footprint position: (366347739, 80850700)
[board_modifier.py:85]: Setting MX48 footprint position: (390551840, 80850700)
[board_modifier.py:85]: Setting MX49 footprint position: (409551840, 80850700)
[board_modifier.py:85]: Setting MX50 footprint position: (428551840, 80850700)
[board_modifier.py:85]: Setting MX51 footprint position: (447551840, 80850700)
[board_modifier.py:85]: Setting MX52 footprint position: (43074140, 99850700)
[board_modifier.py:85]: Setting MX53 footprint position: (66824140, 99850700)
[board_modifier.py:85]: Setting MX54 footprint position: (85824140, 99850700)
[board_modifier.py:85]: Setting MX55 footprint position: (104824140, 99850700)
[board_modifier.py:85]: Setting MX56 footprint position: (123824140, 99850700)
[board_modifier.py:85]: Setting MX57 footprint position: (142824140, 99850700)
[board_modifier.py:85]: Setting MX58 footprint position: (161824140, 99850700)
[board_modifier.py:85]: Setting MX59 footprint position: (180824140, 99850700)
[board_modifier.py:85]: Setting MX60 footprint position: (199824140, 99850700)
[board_modifier.py:85]: Setting MX61 footprint position: (218824140, 99850700)
[board_modifier.py:85]: Setting MX62 footprint position: (237824140, 99850700)
[board_modifier.py:85]: Setting MX63 footprint position: (256824140, 99850700)
[board_modifier.py:85]: Setting MX64 footprint position: (275824140, 99850700)
[board_modifier.py:85]: Setting MX65 footprint position: (299574140, 99850700)
[board_modifier.py:85]: Setting MX66 footprint position: (328347740, 99850700)
[board_modifier.py:85]: Setting MX67 footprint position: (347347739, 99850700)
[board_modifier.py:85]: Setting MX68 footprint position: (366347739, 99850700)
[board_modifier.py:85]: Setting MX69 footprint position: (390551840, 99850700)
[board_modifier.py:85]: Setting MX70 footprint position: (409551840, 99850700)
[board_modifier.py:85]: Setting MX71 footprint position: (428551840, 99850700)
[board_modifier.py:85]: Setting MX72 footprint position: (447551840, 109350700)
[board_modifier.py:85]: Setting MX73 footprint position: (45449140, 118850700)
[board_modifier.py:85]: Setting MX74 footprint position: (71574140, 118850700)
[board_modifier.py:85]: Setting MX75 footprint position: (90574140, 118850700)
[board_modifier.py:85]: Setting MX76 footprint position: (109574140, 118850700)
[board_modifier.py:85]: Setting MX77 footprint position: (128574140, 118850700)
[board_modifier.py:85]: Setting MX78 footprint position: (147574140, 118850700)
[board_modifier.py:85]: Setting MX79 footprint position: (166574140, 118850700)
[board_modifier.py:85]: Setting MX80 footprint position: (185574140, 118850700)
[board_modifier.py:85]: Setting MX81 footprint position: (204574140, 118850700)
[board_modifier.py:85]: Setting MX82 footprint position: (223574140, 118850700)
[board_modifier.py:85]: Setting MX83 footprint position: (242574140, 118850700)
[board_modifier.py:85]: Setting MX84 footprint position: (261574140, 118850700)
[board_modifier.py:85]: Setting MX85 footprint position: (292449140, 118850700)
[board_modifier.py:85]: Setting MX86 footprint position: (390551840, 118850700)
[board_modifier.py:85]: Setting MX87 footprint position: (409551840, 118850700)
[board_modifier.py:85]: Setting MX88 footprint position: (428551840, 118850700)
[board_modifier.py:85]: Setting MX89 footprint position: (50199140, 137850700)
[board_modifier.py:85]: Setting MX90 footprint position: (81074140, 137850700)
[board_modifier.py:85]: Setting MX91 footprint position: (100074140, 137850700)
[board_modifier.py:85]: Setting MX92 footprint position: (119074140, 137850700)
[board_modifier.py:85]: Setting MX93 footprint position: (138074140, 137850700)
[board_modifier.py:85]: Setting MX94 footprint position: (157074140, 137850700)
[board_modifier.py:85]: Setting MX95 footprint position: (176074140, 137850700)
[board_modifier.py:85]: Setting MX96 footprint position: (195074140, 137850700)
[board_modifier.py:85]: Setting MX97 footprint position: (214074140, 137850700)
[board_modifier.py:85]: Setting MX98 footprint position: (233074140, 137850700)
[board_modifier.py:85]: Setting MX99 footprint position: (252074140, 137850700)
[board_modifier.py:85]: Setting MX100 footprint position: (287699140, 137850700)
[board_modifier.py:85]: Setting MX101 footprint position: (347347739, 137850700)
[board_modifier.py:85]: Setting MX102 footprint position: (390551840, 137850700)
[board_modifier.py:85]: Setting MX103 footprint position: (409551840, 137850700)
[board_modifier.py:85]: Setting MX104 footprint position: (428551840, 137850700)
[board_modifier.py:85]: Setting MX105 footprint position: (447551840, 147350700)
[board_modifier.py:85]: Setting MX106 footprint position: (40699140, 156850700)
[board_modifier.py:85]: Setting MX107 footprint position: (64449140, 156850700)
[board_modifier.py:85]: Setting MX108 footprint position: (88199140, 156850700)
[board_modifier.py:85]: Setting MX109 footprint position: (159449140, 156850700)
[board_modifier.py:85]: Setting MX110 footprint position: (230699140, 156850700)
[board_modifier.py:85]: Setting MX111 footprint position: (254449140, 156850700)
[board_modifier.py:85]: Setting MX112 footprint position: (278199140, 156850700)
[board_modifier.py:85]: Setting MX113 footprint position: (301949140, 156850700)
[board_modifier.py:85]: Setting MX114 footprint position: (328347740, 156850700)
[board_modifier.py:85]: Setting MX115 footprint position: (347347739, 156850700)
[board_modifier.py:85]: Setting MX116 footprint position: (366347739, 156850700)
[board_modifier.py:85]: Setting MX117 footprint position: (400051840, 156850700)
[board_modifier.py:85]: Setting MX118 footprint position: (428551840, 156850700)
[key_placer.py:999]: Diode info: [ElementInfo(annotation_format='D{}', position_option=<PositionOption.UNCHANGED: 'Unchanged'>, position=ElementPosition(x=5.08, y=3.03, orientation=90.0, side=<Side.BACK: 'Back'>), template_path='')]
