[kbplacer_plugin_action.py:65]: Plugin version: 0.13
[kbplacer_plugin_action.py:66]: Python version: '3.11.5 (main, Sep 17 2025, 01:04:48) [MSC v.1944 64 bit (AMD64)]'
[kbplacer_plugin_action.py:67]: KiCad version: 9.0.6 with 4.2.2 msw (phoenix) wxWidgets 3.2.8
[kbplacer_dialog.py:586]: Language: en
[kbplacer_plugin_action.py:75]: GUI state: {"layout_path": "D:\\Projects\\keyboard\\layouts\\g915-26-35.json", "key_distance": [19.05, 19.05], "key_info": {"annotation_format": "MX{}", "position_option": "Default", "position": {"x": 0.0, "y": 0.0, "orientation": 0.0, "side": "Front"}, "template_path": ""}, "enable_diode_placement": true, "route_switches_with_diodes": false, "optimize_diodes_orientation": false, "diode_info": {"annotation_format": "D{}", "position_option": "Default", "position": {"x": 5.08, "y": 3.03, "orientation": 90.0, "side": "Back"}, "template_path": ""}, "additional_elements": [{"annotation_format": "C{}", "position_option": "Relative", "position": null, "template_path": ""}, {"annotation_format": "LED{}", "position_option": "Relative", "position": null, "template_path": ""}], "route_rows_and_columns": false, "template_path": "", "generate_outline": false, "outline_delta": 0.0}
[key_placer.py:362]: Set key 1U distance: 19050000/19050000
[key_placer.py:117]: Unexpected switch net position detected, each switch should have two unique nets unambiguously defining position in key matrix, switch-by-matrix association can't be used
[key_placer.py:124]: Switches by nets: {}
[key_placer.py:128]: Diodes by switch: {'MX59': ['D59'], 'MX103': ['D103'], 'MX48': ['D48'], 'MX106': ['D106'], 'MX14': ['D14'], 'MX31': ['D31'], 'MX81': ['D81'], 'MX90': ['D90'], 'MX87': ['D87'], 'MX69': ['D69'], 'MX36': ['D36'], 'MX22': ['D22'], 'MX102': ['D102'], 'MX10': ['D10'], 'MX72': ['D72'], 'MX19': ['D19'], 'MX30': ['D30'], 'MX58': ['D58'], 'MX108': ['D108'], 'MX45': ['D45'], 'MX93': ['D93'], 'MX89': ['D89'], 'MX121': ['D121'], 'MX67': ['D67'], 'MX63': ['D63'], 'MX79': ['D79'], 'MX107': ['D107'], 'MX41': ['D41'], 'MX66': ['D66'], 'MX86': ['D86'], 'MX91': ['D91'], 'MX83': ['D83'], 'MX117': ['D117'], 'MX12': ['D12'], 'MX47': ['D47'], 'MX113': ['D113'], 'MX34': ['D34'], 'MX85': ['D85'], 'MX24': ['D24'], 'MX52': ['D52'], 'MX29': ['D29'], 'MX42': ['D42'], 'MX38': ['D38'], 'MX95': ['D95'], 'MX119': ['D119'], 'MX49': ['D49'], 'MX35': ['D35'], 'MX115': ['D115'], 'MX57': ['D57'], 'MX98': ['D98'], 'MX96': ['D96'], 'MX65': ['D65'], 'MX110': ['D110'], 'MX56': ['D56'], 'MX114': ['D114'], 'MX51': ['D51'], 'MX21': ['D21'], 'MX32': ['D32'], 'MX82': ['D82'], 'MX92': ['D92'], 'MX44': ['D44'], 'MX78': ['D78'], 'MX61': ['D61'], 'MX77': ['D77'], 'MX109': ['D109'], 'MX23': ['D23'], 'MX62': ['D62'], 'MX100': ['D100'], 'MX120': ['D120'], 'MX99': ['D99'], 'MX80': ['D80'], 'MX16': ['D16'], 'MX46': ['D46'], 'MX75': ['D75'], 'MX64': ['D64'], 'MX111': ['D111'], 'MX94': ['D94'], 'MX54': ['D54'], 'MX17': ['D17'], 'MX104': ['D104'], 'MX74': ['D74'], 'MX88': ['D88'], 'MX39': ['D39'], 'MX9': ['D9'], 'MX11': ['D11'], 'MX112': ['D112'], 'MX15': ['D15'], 'MX71': ['D71'], 'MX97': ['D97'], 'MX76': ['D76'], 'MX84': ['D84'], 'MX55': ['D55'], 'MX43': ['D43'], 'MX13': ['D13'], 'MX53': ['D53'], 'MX68': ['D68'], 'MX20': ['D20'], 'MX33': ['D33'], 'MX37': ['D37'], 'MX118': ['D118'], 'MX60': ['D60'], 'MX105': ['D105'], 'MX18': ['D18'], 'MX70': ['D70'], 'MX40': ['D40'], 'MX73': ['D73'], 'MX101': ['D101'], 'MX116': ['D116'], 'MX50': ['D50']}
[board_modifier.py:64]: Searching for MX1 footprint in D:\Projects\keyboard\ZMK-G915\zmk-g915.kicad_pcb
[board_modifier.py:64]: Searching for C1 footprint in D:\Projects\keyboard\ZMK-G915\zmk-g915.kicad_pcb
[board_modifier.py:98]: Getting MX1 footprint position: (87377770, 247022537)
[board_modifier.py:98]: Getting C1 footprint position: (92857770, 245722537)
[key_placer.py:866]: Element info updated: ElementInfo(annotation_format='C{}', position_option=<PositionOption.RELATIVE: 'Relative'>, position=ElementPosition(x=5.48, y=-1.3, orientation=180.0, side=<Side.FRONT: 'Front'>), template_path='')
[board_modifier.py:64]: Searching for MX1 footprint in D:\Projects\keyboard\ZMK-G915\zmk-g915.kicad_pcb
[board_modifier.py:64]: Searching for LED1 footprint in D:\Projects\keyboard\ZMK-G915\zmk-g915.kicad_pcb
[board_modifier.py:98]: Getting MX1 footprint position: (87377770, 247022537)
[board_modifier.py:98]: Getting LED1 footprint position: (87567770, 247022537)
[key_placer.py:866]: Element info updated: ElementInfo(annotation_format='LED{}', position_option=<PositionOption.RELATIVE: 'Relative'>, position=ElementPosition(x=0.19, y=0.0, orientation=180.0, side=<Side.FRONT: 'Front'>), template_path='')
[kle_serial.py:897]: User layout: [[{'x': 2.9267}, 'M1', 'M2', 'M3', 'M4', {'x': 0.6666999999999996}, 'Wireless', 'Bluetooth', 'GameMode', 'Brightness'], [{'y': 0.21999999999999997, 'x': 1.26}, 'Esc', {'x': 0.6667000000000001}, 'F1', 'F2', 'F3', 'F4', {'x': 0.6666999999999996}, 'F5', 'F6', 'F7', 'F8', {'x': 0.6667000000000005}, 'F9', 'F10', 'F11', 'F12', {'x': 0.3500000000000014}, 'PrtSc', 'Scroll Lock', 'Pause\nBreak', {'x': 0.3500000000000014}, 'Prev', 'Play', 'Next', 'Mute'], [{'y': 0.25}, 'G1', {'x': 0.26}, '~\n`', '!\n1', '@\n2', '#\n3', '$\n4', '%\n5', '^\n6', '&\n7', '*\n8', '(\n9', ')\n0', '_\n-', '+\n=', {'w': 2}, 'Backspace', {'x': 0.3500000000000014}, 'Insert', 'Home', 'PgUp', {'x': 0.3500000000000014}, 'Num Lock', '/', '*', '-'], ['G2', {'x': 0.26, 'w': 1.5}, 'Tab', 'Q', 'W', 'E', 'R', 'T', 'Y', 'U', 'I', 'O', 'P', '{\n[', '}\n]', {'w': 1.5}, '|\n\\', {'x': 0.3500000000000014}, 'Delete', 'End', 'PgDn', {'x': 0.3500000000000014}, '7\nHome', '8\n↑', '9\nPgUp', {'h': 2}, '+'], ['G3', {'x': 0.26, 'w': 1.5}, 'Caps Lock', {'x': 0.25}, 'A', 'S', 'D', 'F', 'G', 'H', 'J', 'K', 'L', ':\n;', '"\n\'', {'w': 2.25}, 'Enter', {'x': 3.6999999999999993}, '4\n←', '5', '6\n→'], ['G4', {'x': 0.26, 'w': 2.25}, 'Shift', 'Z', 'X', 'C', 'V', 'B', 'N', 'M', '<\n,', '>\n.', '?\n/', {'w': 2.75}, 'Shift', {'x': 1.3500000000000014}, '↑', {'x': 1.3500000000000014}, '1\nEnd', '2\n↓', '3\nPgDn', {'h': 2}, 'Enter'], ['G5', {'x': 0.26, 'w': 1.5}, 'Ctrl', {'w': 1.25}, 'Win', {'w': 1.25}, 'Alt', {'a': 7, 'w': 5.75}, '', {'a': 4, 'w': 1.25}, 'Alt', {'w': 1.25}, 'Win', {'w': 1.25}, 'Menu', {'w': 1.5}, 'Ctrl', {'x': 0.3500000000000014}, '←', '↓', '→', {'x': 0.3500000000000014, 'w': 2}, '0\nIns', '.\nDel']]
[key_placer.py:662]: Layout offset: (29971365, 28575000)
[board_modifier.py:85]: Setting MX1 footprint position: (95250000, 38100000)
[board_modifier.py:85]: Setting MX2 footprint position: (114300000, 38100000)
[board_modifier.py:85]: Setting MX3 footprint position: (133350000, 38100000)
[board_modifier.py:85]: Setting MX4 footprint position: (152400000, 38100000)
[board_modifier.py:85]: Setting MX5 footprint position: (184150634, 38100000)
[board_modifier.py:85]: Setting MX6 footprint position: (203200635, 38100000)
[board_modifier.py:85]: Setting MX7 footprint position: (222250635, 38100000)
[board_modifier.py:85]: Setting MX8 footprint position: (241300635, 38100000)
[board_modifier.py:85]: Setting MX9 footprint position: (63499365, 61341000)
[board_modifier.py:85]: Setting MX10 footprint position: (95250000, 61341000)
[board_modifier.py:85]: Setting MX11 footprint position: (114300000, 61341000)
[board_modifier.py:85]: Setting MX12 footprint position: (133350000, 61341000)
[board_modifier.py:85]: Setting MX13 footprint position: (152400000, 61341000)
[board_modifier.py:85]: Setting MX14 footprint position: (184150634, 61341000)
[board_modifier.py:85]: Setting MX15 footprint position: (203200635, 61341000)
[board_modifier.py:85]: Setting MX16 footprint position: (222250635, 61341000)
[board_modifier.py:85]: Setting MX17 footprint position: (241300635, 61341000)
[board_modifier.py:85]: Setting MX18 footprint position: (273051270, 61341000)
[board_modifier.py:85]: Setting MX19 footprint position: (292101270, 61341000)
[board_modifier.py:85]: Setting MX20 footprint position: (311151270, 61341000)
[board_modifier.py:85]: Setting MX21 footprint position: (330201270, 61341000)
[board_modifier.py:85]: Setting MX22 footprint position: (355918770, 61341000)
[board_modifier.py:85]: Setting MX23 footprint position: (374968770, 61341000)
[board_modifier.py:85]: Setting MX24 footprint position: (394018770, 61341000)
[board_modifier.py:85]: Setting MX25 footprint position: (419736270, 61341000)
[board_modifier.py:85]: Setting MX26 footprint position: (438786270, 61341000)
[board_modifier.py:85]: Setting MX27 footprint position: (457836270, 61341000)
[board_modifier.py:85]: Setting MX28 footprint position: (476886270, 61341000)
[board_modifier.py:85]: Setting MX29 footprint position: (39496365, 85153500)
[board_modifier.py:85]: Setting MX30 footprint position: (63499365, 85153500)
[board_modifier.py:85]: Setting MX31 footprint position: (82549364, 85153500)
[board_modifier.py:85]: Setting MX32 footprint position: (101599365, 85153500)
[board_modifier.py:85]: Setting MX33 footprint position: (120649365, 85153500)
[board_modifier.py:85]: Setting MX34 footprint position: (139699365, 85153500)
[board_modifier.py:85]: Setting MX35 footprint position: (158749365, 85153500)
[board_modifier.py:85]: Setting MX36 footprint position: (177799365, 85153500)
[board_modifier.py:85]: Setting MX37 footprint position: (196849365, 85153500)
[board_modifier.py:85]: Setting MX38 footprint position: (215899365, 85153500)
[board_modifier.py:85]: Setting MX39 footprint position: (234949365, 85153500)
[board_modifier.py:85]: Setting MX40 footprint position: (253999365, 85153500)
[board_modifier.py:85]: Setting MX41 footprint position: (273049365, 85153500)
[board_modifier.py:85]: Setting MX42 footprint position: (292099365, 85153500)
[board_modifier.py:85]: Setting MX43 footprint position: (320674365, 85153500)
[board_modifier.py:85]: Setting MX44 footprint position: (355916865, 85153500)
[board_modifier.py:85]: Setting MX45 footprint position: (374966865, 85153500)
[board_modifier.py:85]: Setting MX46 footprint position: (394016865, 85153500)
[board_modifier.py:85]: Setting MX47 footprint position: (419734365, 85153500)
[board_modifier.py:85]: Setting MX48 footprint position: (438784365, 85153500)
[board_modifier.py:85]: Setting MX49 footprint position: (457834365, 85153500)
[board_modifier.py:85]: Setting MX50 footprint position: (476884365, 85153500)
[board_modifier.py:85]: Setting MX51 footprint position: (39496365, 104203500)
[board_modifier.py:85]: Setting MX52 footprint position: (68261864, 104203500)
[board_modifier.py:85]: Setting MX53 footprint position: (92074364, 104203500)
[board_modifier.py:85]: Setting MX54 footprint position: (111124365, 104203500)
[board_modifier.py:85]: Setting MX55 footprint position: (130174365, 104203500)
[board_modifier.py:85]: Setting MX56 footprint position: (149224365, 104203500)
[board_modifier.py:85]: Setting MX57 footprint position: (168274365, 104203500)
[board_modifier.py:85]: Setting MX58 footprint position: (187324365, 104203500)
[board_modifier.py:85]: Setting MX59 footprint position: (206374365, 104203500)
[board_modifier.py:85]: Setting MX60 footprint position: (225424365, 104203500)
[board_modifier.py:85]: Setting MX61 footprint position: (244474365, 104203500)
[board_modifier.py:85]: Setting MX62 footprint position: (263524365, 104203500)
[board_modifier.py:85]: Setting MX63 footprint position: (282574365, 104203500)
[board_modifier.py:85]: Setting MX64 footprint position: (301624365, 104203500)
[board_modifier.py:85]: Setting MX65 footprint position: (325436865, 104203500)
[board_modifier.py:85]: Setting MX66 footprint position: (355916865, 104203500)
[board_modifier.py:85]: Setting MX67 footprint position: (374966865, 104203500)
[board_modifier.py:85]: Setting MX68 footprint position: (394016865, 104203500)
[board_modifier.py:85]: Setting MX69 footprint position: (419734365, 104203500)
[board_modifier.py:85]: Setting MX70 footprint position: (438784365, 104203500)
[board_modifier.py:85]: Setting MX71 footprint position: (457834365, 104203500)
[board_modifier.py:85]: Setting MX72 footprint position: (476884365, 113728500)
[board_modifier.py:85]: Setting MX73 footprint position: (39496365, 123253500)
[board_modifier.py:85]: Setting MX74 footprint position: (68261864, 123253500)
[board_modifier.py:85]: Setting MX75 footprint position: (96836864, 123253500)
[board_modifier.py:85]: Setting MX76 footprint position: (115886865, 123253500)
[board_modifier.py:85]: Setting MX77 footprint position: (134936865, 123253500)
[board_modifier.py:85]: Setting MX78 footprint position: (153986865, 123253500)
[board_modifier.py:85]: Setting MX79 footprint position: (173036865, 123253500)
[board_modifier.py:85]: Setting MX80 footprint position: (192086865, 123253500)
[board_modifier.py:85]: Setting MX81 footprint position: (211136865, 123253500)
[board_modifier.py:85]: Setting MX82 footprint position: (230186865, 123253500)
[board_modifier.py:85]: Setting MX83 footprint position: (249236865, 123253500)
[board_modifier.py:85]: Setting MX84 footprint position: (268286865, 123253500)
[board_modifier.py:85]: Setting MX85 footprint position: (287336865, 123253500)
[board_modifier.py:85]: Setting MX86 footprint position: (318293115, 123253500)
[board_modifier.py:85]: Setting MX87 footprint position: (419734365, 123253500)
[board_modifier.py:85]: Setting MX88 footprint position: (438784365, 123253500)
[board_modifier.py:85]: Setting MX89 footprint position: (457834365, 123253500)
[board_modifier.py:85]: Setting MX90 footprint position: (39496365, 142303500)
[board_modifier.py:85]: Setting MX91 footprint position: (75405614, 142303500)
[board_modifier.py:85]: Setting MX92 footprint position: (106361865, 142303500)
[board_modifier.py:85]: Setting MX93 footprint position: (125411865, 142303500)
[board_modifier.py:85]: Setting MX94 footprint position: (144461865, 142303500)
[board_modifier.py:85]: Setting MX95 footprint position: (163511865, 142303500)
[board_modifier.py:85]: Setting MX96 footprint position: (182561865, 142303500)
[board_modifier.py:85]: Setting MX97 footprint position: (201611865, 142303500)
[board_modifier.py:85]: Setting MX98 footprint position: (220661865, 142303500)
[board_modifier.py:85]: Setting MX99 footprint position: (239711865, 142303500)
[board_modifier.py:85]: Setting MX100 footprint position: (258761865, 142303500)
[board_modifier.py:85]: Setting MX101 footprint position: (277811865, 142303500)
[board_modifier.py:85]: Setting MX102 footprint position: (313530615, 142303500)
[board_modifier.py:85]: Setting MX103 footprint position: (374966865, 142303500)
[board_modifier.py:85]: Setting MX104 footprint position: (419734365, 142303500)
[board_modifier.py:85]: Setting MX105 footprint position: (438784365, 142303500)
[board_modifier.py:85]: Setting MX106 footprint position: (457834365, 142303500)
[board_modifier.py:85]: Setting MX107 footprint position: (476884365, 151828500)
[board_modifier.py:85]: Setting MX108 footprint position: (39496365, 161353500)
[board_modifier.py:85]: Setting MX109 footprint position: (68261864, 161353500)
[board_modifier.py:85]: Setting MX110 footprint position: (94455614, 161353500)
[board_modifier.py:85]: Setting MX111 footprint position: (118268115, 161353500)
[board_modifier.py:85]: Setting MX112 footprint position: (184943115, 161353500)
[board_modifier.py:85]: Setting MX113 footprint position: (251618115, 161353500)
[board_modifier.py:85]: Setting MX114 footprint position: (275430615, 161353500)
[board_modifier.py:85]: Setting MX115 footprint position: (299243115, 161353500)
[board_modifier.py:85]: Setting MX116 footprint position: (325436865, 161353500)
[board_modifier.py:85]: Setting MX117 footprint position: (355916865, 161353500)
[board_modifier.py:85]: Setting MX118 footprint position: (374966865, 161353500)
[board_modifier.py:85]: Setting MX119 footprint position: (394016865, 161353500)
[board_modifier.py:85]: Setting MX120 footprint position: (429259365, 161353500)
[board_modifier.py:85]: Setting MX121 footprint position: (457834365, 161353500)
[key_placer.py:999]: Diode info: [ElementInfo(annotation_format='D{}', position_option=<PositionOption.DEFAULT: 'Default'>, position=ElementPosition(x=5.08, y=3.03, orientation=90.0, side=<Side.BACK: 'Back'>), template_path='')]
[board_modifier.py:98]: Getting MX1 footprint position: (95250000, 38100000)
[board_modifier.py:98]: Getting MX2 footprint position: (114300000, 38100000)
[board_modifier.py:98]: Getting MX3 footprint position: (133350000, 38100000)
[board_modifier.py:98]: Getting MX4 footprint position: (152400000, 38100000)
[board_modifier.py:98]: Getting MX5 footprint position: (184150634, 38100000)
[board_modifier.py:98]: Getting MX6 footprint position: (203200635, 38100000)
[board_modifier.py:98]: Getting MX7 footprint position: (222250635, 38100000)
[board_modifier.py:98]: Getting MX8 footprint position: (241300635, 38100000)
[board_modifier.py:98]: Getting MX9 footprint position: (63499365, 61341000)
[board_modifier.py:85]: Setting D9 footprint position: (68579365, 64371000)
[board_modifier.py:98]: Getting MX10 footprint position: (95250000, 61341000)
[board_modifier.py:85]: Setting D10 footprint position: (100330000, 64371000)
[board_modifier.py:98]: Getting MX11 footprint position: (114300000, 61341000)
[board_modifier.py:85]: Setting D11 footprint position: (119380000, 64371000)
[board_modifier.py:98]: Getting MX12 footprint position: (133350000, 61341000)
[board_modifier.py:85]: Setting D12 footprint position: (138430000, 64371000)
[board_modifier.py:98]: Getting MX13 footprint position: (152400000, 61341000)
[board_modifier.py:85]: Setting D13 footprint position: (157480000, 64371000)
[board_modifier.py:98]: Getting MX14 footprint position: (184150634, 61341000)
[board_modifier.py:85]: Setting D14 footprint position: (189230634, 64371000)
[board_modifier.py:98]: Getting MX15 footprint position: (203200635, 61341000)
[board_modifier.py:85]: Setting D15 footprint position: (208280635, 64371000)
[board_modifier.py:98]: Getting MX16 footprint position: (222250635, 61341000)
[board_modifier.py:85]: Setting D16 footprint position: (227330635, 64371000)
[board_modifier.py:98]: Getting MX17 footprint position: (241300635, 61341000)
[board_modifier.py:85]: Setting D17 footprint position: (246380635, 64371000)
[board_modifier.py:98]: Getting MX18 footprint position: (273051270, 61341000)
[board_modifier.py:85]: Setting D18 footprint position: (278131270, 64371000)
[board_modifier.py:98]: Getting MX19 footprint position: (292101270, 61341000)
[board_modifier.py:85]: Setting D19 footprint position: (297181270, 64371000)
[board_modifier.py:98]: Getting MX20 footprint position: (311151270, 61341000)
[board_modifier.py:85]: Setting D20 footprint position: (316231270, 64371000)
[board_modifier.py:98]: Getting MX21 footprint position: (330201270, 61341000)
[board_modifier.py:85]: Setting D21 footprint position: (335281270, 64371000)
[board_modifier.py:98]: Getting MX22 footprint position: (355918770, 61341000)
[board_modifier.py:85]: Setting D22 footprint position: (360998770, 64371000)
[board_modifier.py:98]: Getting MX23 footprint position: (374968770, 61341000)
[board_modifier.py:85]: Setting D23 footprint position: (380048770, 64371000)
[board_modifier.py:98]: Getting MX24 footprint position: (394018770, 61341000)
[board_modifier.py:85]: Setting D24 footprint position: (399098770, 64371000)
[board_modifier.py:98]: Getting MX25 footprint position: (419736270, 61341000)
[board_modifier.py:98]: Getting MX26 footprint position: (438786270, 61341000)
[board_modifier.py:98]: Getting MX27 footprint position: (457836270, 61341000)
[board_modifier.py:98]: Getting MX28 footprint position: (476886270, 61341000)
[board_modifier.py:98]: Getting MX29 footprint position: (39496365, 85153500)
[board_modifier.py:85]: Setting D29 footprint position: (44576365, 88183500)
[board_modifier.py:98]: Getting MX30 footprint position: (63499365, 85153500)
[board_modifier.py:85]: Setting D30 footprint position: (68579365, 88183500)
[board_modifier.py:98]: Getting MX31 footprint position: (82549364, 85153500)
[board_modifier.py:85]: Setting D31 footprint position: (87629364, 88183500)
[board_modifier.py:98]: Getting MX32 footprint position: (101599365, 85153500)
[board_modifier.py:85]: Setting D32 footprint position: (106679365, 88183500)
[board_modifier.py:98]: Getting MX33 footprint position: (120649365, 85153500)
[board_modifier.py:85]: Setting D33 footprint position: (125729365, 88183500)
[board_modifier.py:98]: Getting MX34 footprint position: (139699365, 85153500)
[board_modifier.py:85]: Setting D34 footprint position: (144779365, 88183500)
[board_modifier.py:98]: Getting MX35 footprint position: (158749365, 85153500)
[board_modifier.py:85]: Setting D35 footprint position: (163829365, 88183500)
[board_modifier.py:98]: Getting MX36 footprint position: (177799365, 85153500)
[board_modifier.py:85]: Setting D36 footprint position: (182879365, 88183500)
[board_modifier.py:98]: Getting MX37 footprint position: (196849365, 85153500)
[board_modifier.py:85]: Setting D37 footprint position: (201929365, 88183500)
[board_modifier.py:98]: Getting MX38 footprint position: (215899365, 85153500)
[board_modifier.py:85]: Setting D38 footprint position: (220979365, 88183500)
[board_modifier.py:98]: Getting MX39 footprint position: (234949365, 85153500)
[board_modifier.py:85]: Setting D39 footprint position: (240029365, 88183500)
[board_modifier.py:98]: Getting MX40 footprint position: (253999365, 85153500)
[board_modifier.py:85]: Setting D40 footprint position: (259079365, 88183500)
[board_modifier.py:98]: Getting MX41 footprint position: (273049365, 85153500)
[board_modifier.py:85]: Setting D41 footprint position: (278129365, 88183500)
[board_modifier.py:98]: Getting MX42 footprint position: (292099365, 85153500)
[board_modifier.py:85]: Setting D42 footprint position: (297179365, 88183500)
[board_modifier.py:98]: Getting MX43 footprint position: (320674365, 85153500)
[board_modifier.py:85]: Setting D43 footprint position: (325754365, 88183500)
[board_modifier.py:98]: Getting MX44 footprint position: (355916865, 85153500)
[board_modifier.py:85]: Setting D44 footprint position: (360996865, 88183500)
[board_modifier.py:98]: Getting MX45 footprint position: (374966865, 85153500)
[board_modifier.py:85]: Setting D45 footprint position: (380046865, 88183500)
[board_modifier.py:98]: Getting MX46 footprint position: (394016865, 85153500)
[board_modifier.py:85]: Setting D46 footprint position: (399096865, 88183500)
[board_modifier.py:98]: Getting MX47 footprint position: (419734365, 85153500)
[board_modifier.py:85]: Setting D47 footprint position: (424814365, 88183500)
[board_modifier.py:98]: Getting MX48 footprint position: (438784365, 85153500)
[board_modifier.py:85]: Setting D48 footprint position: (443864365, 88183500)
[board_modifier.py:98]: Getting MX49 footprint position: (457834365, 85153500)
[board_modifier.py:85]: Setting D49 footprint position: (462914365, 88183500)
[board_modifier.py:98]: Getting MX50 footprint position: (476884365, 85153500)
[board_modifier.py:85]: Setting D50 footprint position: (481964365, 88183500)
[board_modifier.py:98]: Getting MX51 footprint position: (39496365, 104203500)
[board_modifier.py:85]: Setting D51 footprint position: (44576365, 107233500)
[board_modifier.py:98]: Getting MX52 footprint position: (68261864, 104203500)
[board_modifier.py:85]: Setting D52 footprint position: (73341864, 107233500)
[board_modifier.py:98]: Getting MX53 footprint position: (92074364, 104203500)
[board_modifier.py:85]: Setting D53 footprint position: (97154364, 107233500)
[board_modifier.py:98]: Getting MX54 footprint position: (111124365, 104203500)
[board_modifier.py:85]: Setting D54 footprint position: (116204365, 107233500)
[board_modifier.py:98]: Getting MX55 footprint position: (130174365, 104203500)
[board_modifier.py:85]: Setting D55 footprint position: (135254365, 107233500)
[board_modifier.py:98]: Getting MX56 footprint position: (149224365, 104203500)
[board_modifier.py:85]: Setting D56 footprint position: (154304365, 107233500)
[board_modifier.py:98]: Getting MX57 footprint position: (168274365, 104203500)
[board_modifier.py:85]: Setting D57 footprint position: (173354365, 107233500)
[board_modifier.py:98]: Getting MX58 footprint position: (187324365, 104203500)
[board_modifier.py:85]: Setting D58 footprint position: (192404365, 107233500)
[board_modifier.py:98]: Getting MX59 footprint position: (206374365, 104203500)
[board_modifier.py:85]: Setting D59 footprint position: (211454365, 107233500)
[board_modifier.py:98]: Getting MX60 footprint position: (225424365, 104203500)
[board_modifier.py:85]: Setting D60 footprint position: (230504365, 107233500)
[board_modifier.py:98]: Getting MX61 footprint position: (244474365, 104203500)
[board_modifier.py:85]: Setting D61 footprint position: (249554365, 107233500)
[board_modifier.py:98]: Getting MX62 footprint position: (263524365, 104203500)
[board_modifier.py:85]: Setting D62 footprint position: (268604365, 107233500)
[board_modifier.py:98]: Getting MX63 footprint position: (282574365, 104203500)
[board_modifier.py:85]: Setting D63 footprint position: (287654365, 107233500)
[board_modifier.py:98]: Getting MX64 footprint position: (301624365, 104203500)
[board_modifier.py:85]: Setting D64 footprint position: (306704365, 107233500)
[board_modifier.py:98]: Getting MX65 footprint position: (325436865, 104203500)
[board_modifier.py:85]: Setting D65 footprint position: (330516865, 107233500)
[board_modifier.py:98]: Getting MX66 footprint position: (355916865, 104203500)
[board_modifier.py:85]: Setting D66 footprint position: (360996865, 107233500)
[board_modifier.py:98]: Getting MX67 footprint position: (374966865, 104203500)
[board_modifier.py:85]: Setting D67 footprint position: (380046865, 107233500)
[board_modifier.py:98]: Getting MX68 footprint position: (394016865, 104203500)
[board_modifier.py:85]: Setting D68 footprint position: (399096865, 107233500)
[board_modifier.py:98]: Getting MX69 footprint position: (419734365, 104203500)
[board_modifier.py:85]: Setting D69 footprint position: (424814365, 107233500)
[board_modifier.py:98]: Getting MX70 footprint position: (438784365, 104203500)
[board_modifier.py:85]: Setting D70 footprint position: (443864365, 107233500)
[board_modifier.py:98]: Getting MX71 footprint position: (457834365, 104203500)
[board_modifier.py:85]: Setting D71 footprint position: (462914365, 107233500)
[board_modifier.py:98]: Getting MX72 footprint position: (476884365, 113728500)
[board_modifier.py:85]: Setting D72 footprint position: (481964365, 116758500)
[board_modifier.py:98]: Getting MX73 footprint position: (39496365, 123253500)
[board_modifier.py:85]: Setting D73 footprint position: (44576365, 126283500)
[board_modifier.py:98]: Getting MX74 footprint position: (68261864, 123253500)
[board_modifier.py:85]: Setting D74 footprint position: (73341864, 126283500)
[board_modifier.py:98]: Getting MX75 footprint position: (96836864, 123253500)
[board_modifier.py:85]: Setting D75 footprint position: (101916864, 126283500)
[board_modifier.py:98]: Getting MX76 footprint position: (115886865, 123253500)
[board_modifier.py:85]: Setting D76 footprint position: (120966865, 126283500)
[board_modifier.py:98]: Getting MX77 footprint position: (134936865, 123253500)
[board_modifier.py:85]: Setting D77 footprint position: (140016865, 126283500)
[board_modifier.py:98]: Getting MX78 footprint position: (153986865, 123253500)
[board_modifier.py:85]: Setting D78 footprint position: (159066865, 126283500)
[board_modifier.py:98]: Getting MX79 footprint position: (173036865, 123253500)
[board_modifier.py:85]: Setting D79 footprint position: (178116865, 126283500)
[board_modifier.py:98]: Getting MX80 footprint position: (192086865, 123253500)
[board_modifier.py:85]: Setting D80 footprint position: (197166865, 126283500)
[board_modifier.py:98]: Getting MX81 footprint position: (211136865, 123253500)
[board_modifier.py:85]: Setting D81 footprint position: (216216865, 126283500)
[board_modifier.py:98]: Getting MX82 footprint position: (230186865, 123253500)
[board_modifier.py:85]: Setting D82 footprint position: (235266865, 126283500)
[board_modifier.py:98]: Getting MX83 footprint position: (249236865, 123253500)
[board_modifier.py:85]: Setting D83 footprint position: (254316865, 126283500)
[board_modifier.py:98]: Getting MX84 footprint position: (268286865, 123253500)
[board_modifier.py:85]: Setting D84 footprint position: (273366865, 126283500)
[board_modifier.py:98]: Getting MX85 footprint position: (287336865, 123253500)
[board_modifier.py:85]: Setting D85 footprint position: (292416865, 126283500)
[board_modifier.py:98]: Getting MX86 footprint position: (318293115, 123253500)
[board_modifier.py:85]: Setting D86 footprint position: (323373115, 126283500)
[board_modifier.py:98]: Getting MX87 footprint position: (419734365, 123253500)
[board_modifier.py:85]: Setting D87 footprint position: (424814365, 126283500)
[board_modifier.py:98]: Getting MX88 footprint position: (438784365, 123253500)
[board_modifier.py:85]: Setting D88 footprint position: (443864365, 126283500)
[board_modifier.py:98]: Getting MX89 footprint position: (457834365, 123253500)
[board_modifier.py:85]: Setting D89 footprint position: (462914365, 126283500)
[board_modifier.py:98]: Getting MX90 footprint position: (39496365, 142303500)
[board_modifier.py:85]: Setting D90 footprint position: (44576365, 145333500)
[board_modifier.py:98]: Getting MX91 footprint position: (75405614, 142303500)
[board_modifier.py:85]: Setting D91 footprint position: (80485614, 145333500)
[board_modifier.py:98]: Getting MX92 footprint position: (106361865, 142303500)
[board_modifier.py:85]: Setting D92 footprint position: (111441865, 145333500)
[board_modifier.py:98]: Getting MX93 footprint position: (125411865, 142303500)
[board_modifier.py:85]: Setting D93 footprint position: (130491865, 145333500)
[board_modifier.py:98]: Getting MX94 footprint position: (144461865, 142303500)
[board_modifier.py:85]: Setting D94 footprint position: (149541865, 145333500)
[board_modifier.py:98]: Getting MX95 footprint position: (163511865, 142303500)
[board_modifier.py:85]: Setting D95 footprint position: (168591865, 145333500)
[board_modifier.py:98]: Getting MX96 footprint position: (182561865, 142303500)
[board_modifier.py:85]: Setting D96 footprint position: (187641865, 145333500)
[board_modifier.py:98]: Getting MX97 footprint position: (201611865, 142303500)
[board_modifier.py:85]: Setting D97 footprint position: (206691865, 145333500)
[board_modifier.py:98]: Getting MX98 footprint position: (220661865, 142303500)
[board_modifier.py:85]: Setting D98 footprint position: (225741865, 145333500)
[board_modifier.py:98]: Getting MX99 footprint position: (239711865, 142303500)
[board_modifier.py:85]: Setting D99 footprint position: (244791865, 145333500)
[board_modifier.py:98]: Getting MX100 footprint position: (258761865, 142303500)
[board_modifier.py:85]: Setting D100 footprint position: (263841865, 145333500)
[board_modifier.py:98]: Getting MX101 footprint position: (277811865, 142303500)
[board_modifier.py:85]: Setting D101 footprint position: (282891865, 145333500)
[board_modifier.py:98]: Getting MX102 footprint position: (313530615, 142303500)
[board_modifier.py:85]: Setting D102 footprint position: (318610615, 145333500)
[board_modifier.py:98]: Getting MX103 footprint position: (374966865, 142303500)
[board_modifier.py:85]: Setting D103 footprint position: (380046865, 145333500)
[board_modifier.py:98]: Getting MX104 footprint position: (419734365, 142303500)
[board_modifier.py:85]: Setting D104 footprint position: (424814365, 145333500)
[board_modifier.py:98]: Getting MX105 footprint position: (438784365, 142303500)
[board_modifier.py:85]: Setting D105 footprint position: (443864365, 145333500)
[board_modifier.py:98]: Getting MX106 footprint position: (457834365, 142303500)
[board_modifier.py:85]: Setting D106 footprint position: (462914365, 145333500)
[board_modifier.py:98]: Getting MX107 footprint position: (476884365, 151828500)
[board_modifier.py:85]: Setting D107 footprint position: (481964365, 154858500)
[board_modifier.py:98]: Getting MX108 footprint position: (39496365, 161353500)
[board_modifier.py:85]: Setting D108 footprint position: (44576365, 164383500)
[board_modifier.py:98]: Getting MX109 footprint position: (68261864, 161353500)
[board_modifier.py:85]: Setting D109 footprint position: (73341864, 164383500)
[board_modifier.py:98]: Getting MX110 footprint position: (94455614, 161353500)
[board_modifier.py:85]: Setting D110 footprint position: (99535614, 164383500)
[board_modifier.py:98]: Getting MX111 footprint position: (118268115, 161353500)
[board_modifier.py:85]: Setting D111 footprint position: (123348115, 164383500)
[board_modifier.py:98]: Getting MX112 footprint position: (184943115, 161353500)
[board_modifier.py:85]: Setting D112 footprint position: (190023115, 164383500)
[board_modifier.py:98]: Getting MX113 footprint position: (251618115, 161353500)
[board_modifier.py:85]: Setting D113 footprint position: (256698115, 164383500)
[board_modifier.py:98]: Getting MX114 footprint position: (275430615, 161353500)
[board_modifier.py:85]: Setting D114 footprint position: (280510615, 164383500)
[board_modifier.py:98]: Getting MX115 footprint position: (299243115, 161353500)
[board_modifier.py:85]: Setting D115 footprint position: (304323115, 164383500)
[board_modifier.py:98]: Getting MX116 footprint position: (325436865, 161353500)
[board_modifier.py:85]: Setting D116 footprint position: (330516865, 164383500)
[board_modifier.py:98]: Getting MX117 footprint position: (355916865, 161353500)
[board_modifier.py:85]: Setting D117 footprint position: (360996865, 164383500)
[board_modifier.py:98]: Getting MX118 footprint position: (374966865, 161353500)
[board_modifier.py:85]: Setting D118 footprint position: (380046865, 164383500)
[board_modifier.py:98]: Getting MX119 footprint position: (394016865, 161353500)
[board_modifier.py:85]: Setting D119 footprint position: (399096865, 164383500)
[board_modifier.py:98]: Getting MX120 footprint position: (429259365, 161353500)
[board_modifier.py:85]: Setting D120 footprint position: (434339365, 164383500)
[board_modifier.py:98]: Getting MX121 footprint position: (457834365, 161353500)
[board_modifier.py:85]: Setting D121 footprint position: (462914365, 164383500)
[key_placer.py:775]: Placing additional elements for MX41
[board_modifier.py:98]: Getting MX41 footprint position: (273049365, 85153500)
[board_modifier.py:75]: Searching for optional C41 footprint in D:\Projects\keyboard\ZMK-G915\zmk-g915.kicad_pcb
[board_modifier.py:85]: Setting C41 footprint position: (278529365, 83853500)
[board_modifier.py:75]: Searching for optional LED41 footprint in D:\Projects\keyboard\ZMK-G915\zmk-g915.kicad_pcb
[board_modifier.py:85]: Setting LED41 footprint position: (273239365, 85153500)
[key_placer.py:775]: Placing additional elements for MX10
[board_modifier.py:98]: Getting MX10 footprint position: (95250000, 61341000)
[board_modifier.py:75]: Searching for optional C10 footprint in D:\Projects\keyboard\ZMK-G915\zmk-g915.kicad_pcb
[board_modifier.py:85]: Setting C10 footprint position: (100730000, 60041000)
[board_modifier.py:75]: Searching for optional LED10 footprint in D:\Projects\keyboard\ZMK-G915\zmk-g915.kicad_pcb
[board_modifier.py:85]: Setting LED10 footprint position: (95440000, 61341000)
[key_placer.py:775]: Placing additional elements for MX54
[board_modifier.py:98]: Getting MX54 footprint position: (111124365, 104203500)
[board_modifier.py:75]: Searching for optional C54 footprint in D:\Projects\keyboard\ZMK-G915\zmk-g915.kicad_pcb
[board_modifier.py:85]: Setting C54 footprint position: (116604365, 102903500)
[board_modifier.py:75]: Searching for optional LED54 footprint in D:\Projects\keyboard\ZMK-G915\zmk-g915.kicad_pcb
[board_modifier.py:85]: Setting LED54 footprint position: (111314365, 104203500)
[key_placer.py:775]: Placing additional elements for MX110
[board_modifier.py:98]: Getting MX110 footprint position: (94455614, 161353500)
[board_modifier.py:75]: Searching for optional C110 footprint in D:\Projects\keyboard\ZMK-G915\zmk-g915.kicad_pcb
[board_modifier.py:85]: Setting C110 footprint position: (99935614, 160053500)
[board_modifier.py:75]: Searching for optional LED110 footprint in D:\Projects\keyboard\ZMK-G915\zmk-g915.kicad_pcb
[board_modifier.py:85]: Setting LED110 footprint position: (94645614, 161353500)
[key_placer.py:775]: Placing additional elements for MX72
[board_modifier.py:98]: Getting MX72 footprint position: (476884365, 113728500)
[board_modifier.py:75]: Searching for optional C72 footprint in D:\Projects\keyboard\ZMK-G915\zmk-g915.kicad_pcb
[board_modifier.py:85]: Setting C72 footprint position: (482364365, 112428500)
[board_modifier.py:75]: Searching for optional LED72 footprint in D:\Projects\keyboard\ZMK-G915\zmk-g915.kicad_pcb
[board_modifier.py:85]: Setting LED72 footprint position: (477074365, 113728500)
[key_placer.py:775]: Placing additional elements for MX92
[board_modifier.py:98]: Getting MX92 footprint position: (106361865, 142303500)
[board_modifier.py:75]: Searching for optional C92 footprint in D:\Projects\keyboard\ZMK-G915\zmk-g915.kicad_pcb
[board_modifier.py:85]: Setting C92 footprint position: (111841865, 141003500)
[board_modifier.py:75]: Searching for optional LED92 footprint in D:\Projects\keyboard\ZMK-G915\zmk-g915.kicad_pcb
[board_modifier.py:85]: Setting LED92 footprint position: (106551865, 142303500)
[key_placer.py:775]: Placing additional elements for MX73
[board_modifier.py:98]: Getting MX73 footprint position: (39496365, 123253500)
[board_modifier.py:75]: Searching for optional C73 footprint in D:\Projects\keyboard\ZMK-G915\zmk-g915.kicad_pcb
[board_modifier.py:85]: Setting C73 footprint position: (44976365, 121953500)
[board_modifier.py:75]: Searching for optional LED73 footprint in D:\Projects\keyboard\ZMK-G915\zmk-g915.kicad_pcb
[board_modifier.py:85]: Setting LED73 footprint position: (39686365, 123253500)
[key_placer.py:775]: Placing additional elements for MX78
[board_modifier.py:98]: Getting MX78 footprint position: (153986865, 123253500)
[board_modifier.py:75]: Searching for optional C78 footprint in D:\Projects\keyboard\ZMK-G915\zmk-g915.kicad_pcb
[board_modifier.py:85]: Setting C78 footprint position: (159466865, 121953500)
[board_modifier.py:75]: Searching for optional LED78 footprint in D:\Projects\keyboard\ZMK-G915\zmk-g915.kicad_pcb
[board_modifier.py:85]: Setting LED78 footprint position: (154176865, 123253500)
[key_placer.py:775]: Placing additional elements for MX26
[board_modifier.py:98]: Getting MX26 footprint position: (438786270, 61341000)
[board_modifier.py:75]: Searching for optional C26 footprint in D:\Projects\keyboard\ZMK-G915\zmk-g915.kicad_pcb
[board_modifier.py:85]: Setting C26 footprint position: (444266270, 60041000)
[board_modifier.py:75]: Searching for optional LED26 footprint in D:\Projects\keyboard\ZMK-G915\zmk-g915.kicad_pcb
[board_modifier.py:85]: Setting LED26 footprint position: (438976270, 61341000)
[key_placer.py:775]: Placing additional elements for MX104
[board_modifier.py:98]: Getting MX104 footprint position: (419734365, 142303500)
[board_modifier.py:75]: Searching for optional C104 footprint in D:\Projects\keyboard\ZMK-G915\zmk-g915.kicad_pcb
[board_modifier.py:85]: Setting C104 footprint position: (425214365, 141003500)
[board_modifier.py:75]: Searching for optional LED104 footprint in D:\Projects\keyboard\ZMK-G915\zmk-g915.kicad_pcb
[board_modifier.py:85]: Setting LED104 footprint position: (419924365, 142303500)
[key_placer.py:775]: Placing additional elements for MX20
[board_modifier.py:98]: Getting MX20 footprint position: (311151270, 61341000)
[board_modifier.py:75]: Searching for optional C20 footprint in D:\Projects\keyboard\ZMK-G915\zmk-g915.kicad_pcb
[board_modifier.py:85]: Setting C20 footprint position: (316631270, 60041000)
[board_modifier.py:75]: Searching for optional LED20 footprint in D:\Projects\keyboard\ZMK-G915\zmk-g915.kicad_pcb
[board_modifier.py:85]: Setting LED20 footprint position: (311341270, 61341000)
[key_placer.py:775]: Placing additional elements for MX112
[board_modifier.py:98]: Getting MX112 footprint position: (184943115, 161353500)
[board_modifier.py:75]: Searching for optional C112 footprint in D:\Projects\keyboard\ZMK-G915\zmk-g915.kicad_pcb
[board_modifier.py:85]: Setting C112 footprint position: (190423115, 160053500)
[board_modifier.py:75]: Searching for optional LED112 footprint in D:\Projects\keyboard\ZMK-G915\zmk-g915.kicad_pcb
[board_modifier.py:85]: Setting LED112 footprint position: (185133115, 161353500)
[key_placer.py:775]: Placing additional elements for MX9
[board_modifier.py:98]: Getting MX9 footprint position: (63499365, 61341000)
[board_modifier.py:75]: Searching for optional C9 footprint in D:\Projects\keyboard\ZMK-G915\zmk-g915.kicad_pcb
[board_modifier.py:85]: Setting C9 footprint position: (68979365, 60041000)
[board_modifier.py:75]: Searching for optional LED9 footprint in D:\Projects\keyboard\ZMK-G915\zmk-g915.kicad_pcb
[board_modifier.py:85]: Setting LED9 footprint position: (63689365, 61341000)
[key_placer.py:775]: Placing additional elements for MX50
[board_modifier.py:98]: Getting MX50 footprint position: (476884365, 85153500)
[board_modifier.py:75]: Searching for optional C50 footprint in D:\Projects\keyboard\ZMK-G915\zmk-g915.kicad_pcb
[board_modifier.py:85]: Setting C50 footprint position: (482364365, 83853500)
[board_modifier.py:75]: Searching for optional LED50 footprint in D:\Projects\keyboard\ZMK-G915\zmk-g915.kicad_pcb
[board_modifier.py:85]: Setting LED50 footprint position: (477074365, 85153500)
[key_placer.py:775]: Placing additional elements for MX12
[board_modifier.py:98]: Getting MX12 footprint position: (133350000, 61341000)
[board_modifier.py:75]: Searching for optional C12 footprint in D:\Projects\keyboard\ZMK-G915\zmk-g915.kicad_pcb
[board_modifier.py:85]: Setting C12 footprint position: (138830000, 60041000)
[board_modifier.py:75]: Searching for optional LED12 footprint in D:\Projects\keyboard\ZMK-G915\zmk-g915.kicad_pcb
[board_modifier.py:85]: Setting LED12 footprint position: (133540000, 61341000)
[key_placer.py:775]: Placing additional elements for MX81
[board_modifier.py:98]: Getting MX81 footprint position: (211136865, 123253500)
[board_modifier.py:75]: Searching for optional C81 footprint in D:\Projects\keyboard\ZMK-G915\zmk-g915.kicad_pcb
[board_modifier.py:85]: Setting C81 footprint position: (216616865, 121953500)
[board_modifier.py:75]: Searching for optional LED81 footprint in D:\Projects\keyboard\ZMK-G915\zmk-g915.kicad_pcb
[board_modifier.py:85]: Setting LED81 footprint position: (211326865, 123253500)
[key_placer.py:775]: Placing additional elements for MX65
[board_modifier.py:98]: Getting MX65 footprint position: (325436865, 104203500)
[board_modifier.py:75]: Searching for optional C65 footprint in D:\Projects\keyboard\ZMK-G915\zmk-g915.kicad_pcb
[board_modifier.py:85]: Setting C65 footprint position: (330916865, 102903500)
[board_modifier.py:75]: Searching for optional LED65 footprint in D:\Projects\keyboard\ZMK-G915\zmk-g915.kicad_pcb
[board_modifier.py:85]: Setting LED65 footprint position: (325626865, 104203500)
[key_placer.py:775]: Placing additional elements for MX87
[board_modifier.py:98]: Getting MX87 footprint position: (419734365, 123253500)
[board_modifier.py:75]: Searching for optional C87 footprint in D:\Projects\keyboard\ZMK-G915\zmk-g915.kicad_pcb
[board_modifier.py:85]: Setting C87 footprint position: (425214365, 121953500)
[board_modifier.py:75]: Searching for optional LED87 footprint in D:\Projects\keyboard\ZMK-G915\zmk-g915.kicad_pcb
[board_modifier.py:85]: Setting LED87 footprint position: (419924365, 123253500)
[key_placer.py:775]: Placing additional elements for MX64
[board_modifier.py:98]: Getting MX64 footprint position: (301624365, 104203500)
[board_modifier.py:75]: Searching for optional C64 footprint in D:\Projects\keyboard\ZMK-G915\zmk-g915.kicad_pcb
[board_modifier.py:85]: Setting C64 footprint position: (307104365, 102903500)
[board_modifier.py:75]: Searching for optional LED64 footprint in D:\Projects\keyboard\ZMK-G915\zmk-g915.kicad_pcb
[board_modifier.py:85]: Setting LED64 footprint position: (301814365, 104203500)
[key_placer.py:775]: Placing additional elements for MX66
[board_modifier.py:98]: Getting MX66 footprint position: (355916865, 104203500)
[board_modifier.py:75]: Searching for optional C66 footprint in D:\Projects\keyboard\ZMK-G915\zmk-g915.kicad_pcb
[board_modifier.py:85]: Setting C66 footprint position: (361396865, 102903500)
[board_modifier.py:75]: Searching for optional LED66 footprint in D:\Projects\keyboard\ZMK-G915\zmk-g915.kicad_pcb
[board_modifier.py:85]: Setting LED66 footprint position: (356106865, 104203500)
[key_placer.py:775]: Placing additional elements for MX98
[board_modifier.py:98]: Getting MX98 footprint position: (220661865, 142303500)
[board_modifier.py:75]: Searching for optional C98 footprint in D:\Projects\keyboard\ZMK-G915\zmk-g915.kicad_pcb
[board_modifier.py:85]: Setting C98 footprint position: (226141865, 141003500)
[board_modifier.py:75]: Searching for optional LED98 footprint in D:\Projects\keyboard\ZMK-G915\zmk-g915.kicad_pcb
[board_modifier.py:85]: Setting LED98 footprint position: (220851865, 142303500)
[key_placer.py:775]: Placing additional elements for MX70
[board_modifier.py:98]: Getting MX70 footprint position: (438784365, 104203500)
[board_modifier.py:75]: Searching for optional C70 footprint in D:\Projects\keyboard\ZMK-G915\zmk-g915.kicad_pcb
[board_modifier.py:85]: Setting C70 footprint position: (444264365, 102903500)
[board_modifier.py:75]: Searching for optional LED70 footprint in D:\Projects\keyboard\ZMK-G915\zmk-g915.kicad_pcb
[board_modifier.py:85]: Setting LED70 footprint position: (438974365, 104203500)
[key_placer.py:775]: Placing additional elements for MX8
[board_modifier.py:98]: Getting MX8 footprint position: (241300635, 38100000)
[board_modifier.py:75]: Searching for optional C8 footprint in D:\Projects\keyboard\ZMK-G915\zmk-g915.kicad_pcb
[board_modifier.py:85]: Setting C8 footprint position: (246780635, 36800000)
[board_modifier.py:75]: Searching for optional LED8 footprint in D:\Projects\keyboard\ZMK-G915\zmk-g915.kicad_pcb
[board_modifier.py:85]: Setting LED8 footprint position: (241490635, 38100000)
[key_placer.py:775]: Placing additional elements for MX15
[board_modifier.py:98]: Getting MX15 footprint position: (203200635, 61341000)
[board_modifier.py:75]: Searching for optional C15 footprint in D:\Projects\keyboard\ZMK-G915\zmk-g915.kicad_pcb
[board_modifier.py:85]: Setting C15 footprint position: (208680635, 60041000)
[board_modifier.py:75]: Searching for optional LED15 footprint in D:\Projects\keyboard\ZMK-G915\zmk-g915.kicad_pcb
[board_modifier.py:85]: Setting LED15 footprint position: (203390635, 61341000)
[key_placer.py:775]: Placing additional elements for MX59
[board_modifier.py:98]: Getting MX59 footprint position: (206374365, 104203500)
[board_modifier.py:75]: Searching for optional C59 footprint in D:\Projects\keyboard\ZMK-G915\zmk-g915.kicad_pcb
[board_modifier.py:85]: Setting C59 footprint position: (211854365, 102903500)
[board_modifier.py:75]: Searching for optional LED59 footprint in D:\Projects\keyboard\ZMK-G915\zmk-g915.kicad_pcb
[board_modifier.py:85]: Setting LED59 footprint position: (206564365, 104203500)
[key_placer.py:775]: Placing additional elements for MX74
[board_modifier.py:98]: Getting MX74 footprint position: (68261864, 123253500)
[board_modifier.py:75]: Searching for optional C74 footprint in D:\Projects\keyboard\ZMK-G915\zmk-g915.kicad_pcb
[board_modifier.py:85]: Setting C74 footprint position: (73741864, 121953500)
[board_modifier.py:75]: Searching for optional LED74 footprint in D:\Projects\keyboard\ZMK-G915\zmk-g915.kicad_pcb
[board_modifier.py:85]: Setting LED74 footprint position: (68451864, 123253500)
[key_placer.py:775]: Placing additional elements for MX99
[board_modifier.py:98]: Getting MX99 footprint position: (239711865, 142303500)
[board_modifier.py:75]: Searching for optional C99 footprint in D:\Projects\keyboard\ZMK-G915\zmk-g915.kicad_pcb
[board_modifier.py:85]: Setting C99 footprint position: (245191865, 141003500)
[board_modifier.py:75]: Searching for optional LED99 footprint in D:\Projects\keyboard\ZMK-G915\zmk-g915.kicad_pcb
[board_modifier.py:85]: Setting LED99 footprint position: (239901865, 142303500)
[key_placer.py:775]: Placing additional elements for MX105
[board_modifier.py:98]: Getting MX105 footprint position: (438784365, 142303500)
[board_modifier.py:75]: Searching for optional C105 footprint in D:\Projects\keyboard\ZMK-G915\zmk-g915.kicad_pcb
[board_modifier.py:85]: Setting C105 footprint position: (444264365, 141003500)
[board_modifier.py:75]: Searching for optional LED105 footprint in D:\Projects\keyboard\ZMK-G915\zmk-g915.kicad_pcb
[board_modifier.py:85]: Setting LED105 footprint position: (438974365, 142303500)
[key_placer.py:775]: Placing additional elements for MX5
[board_modifier.py:98]: Getting MX5 footprint position: (184150634, 38100000)
[board_modifier.py:75]: Searching for optional C5 footprint in D:\Projects\keyboard\ZMK-G915\zmk-g915.kicad_pcb
[board_modifier.py:85]: Setting C5 footprint position: (189630634, 36800000)
[board_modifier.py:75]: Searching for optional LED5 footprint in D:\Projects\keyboard\ZMK-G915\zmk-g915.kicad_pcb
[board_modifier.py:85]: Setting LED5 footprint position: (184340634, 38100000)
[key_placer.py:775]: Placing additional elements for MX51
[board_modifier.py:98]: Getting MX51 footprint position: (39496365, 104203500)
[board_modifier.py:75]: Searching for optional C51 footprint in D:\Projects\keyboard\ZMK-G915\zmk-g915.kicad_pcb
[board_modifier.py:85]: Setting C51 footprint position: (44976365, 102903500)
[board_modifier.py:75]: Searching for optional LED51 footprint in D:\Projects\keyboard\ZMK-G915\zmk-g915.kicad_pcb
[board_modifier.py:85]: Setting LED51 footprint position: (39686365, 104203500)
[key_placer.py:775]: Placing additional elements for MX52
[board_modifier.py:98]: Getting MX52 footprint position: (68261864, 104203500)
[board_modifier.py:75]: Searching for optional C52 footprint in D:\Projects\keyboard\ZMK-G915\zmk-g915.kicad_pcb
[board_modifier.py:85]: Setting C52 footprint position: (73741864, 102903500)
[board_modifier.py:75]: Searching for optional LED52 footprint in D:\Projects\keyboard\ZMK-G915\zmk-g915.kicad_pcb
[board_modifier.py:85]: Setting LED52 footprint position: (68451864, 104203500)
[key_placer.py:775]: Placing additional elements for MX108
[board_modifier.py:98]: Getting MX108 footprint position: (39496365, 161353500)
[board_modifier.py:75]: Searching for optional C108 footprint in D:\Projects\keyboard\ZMK-G915\zmk-g915.kicad_pcb
[board_modifier.py:85]: Setting C108 footprint position: (44976365, 160053500)
[board_modifier.py:75]: Searching for optional LED108 footprint in D:\Projects\keyboard\ZMK-G915\zmk-g915.kicad_pcb
[board_modifier.py:85]: Setting LED108 footprint position: (39686365, 161353500)
[key_placer.py:775]: Placing additional elements for MX83
[board_modifier.py:98]: Getting MX83 footprint position: (249236865, 123253500)
[board_modifier.py:75]: Searching for optional C83 footprint in D:\Projects\keyboard\ZMK-G915\zmk-g915.kicad_pcb
[board_modifier.py:85]: Setting C83 footprint position: (254716865, 121953500)
[board_modifier.py:75]: Searching for optional LED83 footprint in D:\Projects\keyboard\ZMK-G915\zmk-g915.kicad_pcb
[board_modifier.py:85]: Setting LED83 footprint position: (249426865, 123253500)
[key_placer.py:775]: Placing additional elements for MX67
[board_modifier.py:98]: Getting MX67 footprint position: (374966865, 104203500)
[board_modifier.py:75]: Searching for optional C67 footprint in D:\Projects\keyboard\ZMK-G915\zmk-g915.kicad_pcb
[board_modifier.py:85]: Setting C67 footprint position: (380446865, 102903500)
[board_modifier.py:75]: Searching for optional LED67 footprint in D:\Projects\keyboard\ZMK-G915\zmk-g915.kicad_pcb
[board_modifier.py:85]: Setting LED67 footprint position: (375156865, 104203500)
[key_placer.py:775]: Placing additional elements for MX62
[board_modifier.py:98]: Getting MX62 footprint position: (263524365, 104203500)
[board_modifier.py:75]: Searching for optional C62 footprint in D:\Projects\keyboard\ZMK-G915\zmk-g915.kicad_pcb
[board_modifier.py:85]: Setting C62 footprint position: (269004365, 102903500)
[board_modifier.py:75]: Searching for optional LED62 footprint in D:\Projects\keyboard\ZMK-G915\zmk-g915.kicad_pcb
[board_modifier.py:85]: Setting LED62 footprint position: (263714365, 104203500)
[key_placer.py:775]: Placing additional elements for MX109
[board_modifier.py:98]: Getting MX109 footprint position: (68261864, 161353500)
[board_modifier.py:75]: Searching for optional C109 footprint in D:\Projects\keyboard\ZMK-G915\zmk-g915.kicad_pcb
[board_modifier.py:85]: Setting C109 footprint position: (73741864, 160053500)
[board_modifier.py:75]: Searching for optional LED109 footprint in D:\Projects\keyboard\ZMK-G915\zmk-g915.kicad_pcb
[board_modifier.py:85]: Setting LED109 footprint position: (68451864, 161353500)
[key_placer.py:775]: Placing additional elements for MX102
[board_modifier.py:98]: Getting MX102 footprint position: (313530615, 142303500)
[board_modifier.py:75]: Searching for optional C102 footprint in D:\Projects\keyboard\ZMK-G915\zmk-g915.kicad_pcb
[board_modifier.py:85]: Setting C102 footprint position: (319010615, 141003500)
[board_modifier.py:75]: Searching for optional LED102 footprint in D:\Projects\keyboard\ZMK-G915\zmk-g915.kicad_pcb
[board_modifier.py:85]: Setting LED102 footprint position: (313720615, 142303500)
[key_placer.py:775]: Placing additional elements for MX116
[board_modifier.py:98]: Getting MX116 footprint position: (325436865, 161353500)
[board_modifier.py:75]: Searching for optional C116 footprint in D:\Projects\keyboard\ZMK-G915\zmk-g915.kicad_pcb
[board_modifier.py:85]: Setting C116 footprint position: (330916865, 160053500)
[board_modifier.py:75]: Searching for optional LED116 footprint in D:\Projects\keyboard\ZMK-G915\zmk-g915.kicad_pcb
[board_modifier.py:85]: Setting LED116 footprint position: (325626865, 161353500)
[key_placer.py:775]: Placing additional elements for MX119
[board_modifier.py:98]: Getting MX119 footprint position: (394016865, 161353500)
[board_modifier.py:75]: Searching for optional C119 footprint in D:\Projects\keyboard\ZMK-G915\zmk-g915.kicad_pcb
[board_modifier.py:85]: Setting C119 footprint position: (399496865, 160053500)
[board_modifier.py:75]: Searching for optional LED119 footprint in D:\Projects\keyboard\ZMK-G915\zmk-g915.kicad_pcb
[board_modifier.py:85]: Setting LED119 footprint position: (394206865, 161353500)
[key_placer.py:775]: Placing additional elements for MX63
[board_modifier.py:98]: Getting MX63 footprint position: (282574365, 104203500)
[board_modifier.py:75]: Searching for optional C63 footprint in D:\Projects\keyboard\ZMK-G915\zmk-g915.kicad_pcb
[board_modifier.py:85]: Setting C63 footprint position: (288054365, 102903500)
[board_modifier.py:75]: Searching for optional LED63 footprint in D:\Projects\keyboard\ZMK-G915\zmk-g915.kicad_pcb
[board_modifier.py:85]: Setting LED63 footprint position: (282764365, 104203500)
[key_placer.py:775]: Placing additional elements for MX117
[board_modifier.py:98]: Getting MX117 footprint position: (355916865, 161353500)
[board_modifier.py:75]: Searching for optional C117 footprint in D:\Projects\keyboard\ZMK-G915\zmk-g915.kicad_pcb
[board_modifier.py:85]: Setting C117 footprint position: (361396865, 160053500)
[board_modifier.py:75]: Searching for optional LED117 footprint in D:\Projects\keyboard\ZMK-G915\zmk-g915.kicad_pcb
[board_modifier.py:85]: Setting LED117 footprint position: (356106865, 161353500)
[key_placer.py:775]: Placing additional elements for MX106
[board_modifier.py:98]: Getting MX106 footprint position: (457834365, 142303500)
[board_modifier.py:75]: Searching for optional C106 footprint in D:\Projects\keyboard\ZMK-G915\zmk-g915.kicad_pcb
[board_modifier.py:85]: Setting C106 footprint position: (463314365, 141003500)
[board_modifier.py:75]: Searching for optional LED106 footprint in D:\Projects\keyboard\ZMK-G915\zmk-g915.kicad_pcb
[board_modifier.py:85]: Setting LED106 footprint position: (458024365, 142303500)
[key_placer.py:775]: Placing additional elements for MX55
[board_modifier.py:98]: Getting MX55 footprint position: (130174365, 104203500)
[board_modifier.py:75]: Searching for optional C55 footprint in D:\Projects\keyboard\ZMK-G915\zmk-g915.kicad_pcb
[board_modifier.py:85]: Setting C55 footprint position: (135654365, 102903500)
[board_modifier.py:75]: Searching for optional LED55 footprint in D:\Projects\keyboard\ZMK-G915\zmk-g915.kicad_pcb
[board_modifier.py:85]: Setting LED55 footprint position: (130364365, 104203500)
[key_placer.py:775]: Placing additional elements for MX36
[board_modifier.py:98]: Getting MX36 footprint position: (177799365, 85153500)
[board_modifier.py:75]: Searching for optional C36 footprint in D:\Projects\keyboard\ZMK-G915\zmk-g915.kicad_pcb
[board_modifier.py:85]: Setting C36 footprint position: (183279365, 83853500)
[board_modifier.py:75]: Searching for optional LED36 footprint in D:\Projects\keyboard\ZMK-G915\zmk-g915.kicad_pcb
[board_modifier.py:85]: Setting LED36 footprint position: (177989365, 85153500)
[key_placer.py:775]: Placing additional elements for MX100
[board_modifier.py:98]: Getting MX100 footprint position: (258761865, 142303500)
[board_modifier.py:75]: Searching for optional C100 footprint in D:\Projects\keyboard\ZMK-G915\zmk-g915.kicad_pcb
[board_modifier.py:85]: Setting C100 footprint position: (264241865, 141003500)
[board_modifier.py:75]: Searching for optional LED100 footprint in D:\Projects\keyboard\ZMK-G915\zmk-g915.kicad_pcb
[board_modifier.py:85]: Setting LED100 footprint position: (258951865, 142303500)
[key_placer.py:775]: Placing additional elements for MX13
[board_modifier.py:98]: Getting MX13 footprint position: (152400000, 61341000)
[board_modifier.py:75]: Searching for optional C13 footprint in D:\Projects\keyboard\ZMK-G915\zmk-g915.kicad_pcb
[board_modifier.py:85]: Setting C13 footprint position: (157880000, 60041000)
[board_modifier.py:75]: Searching for optional LED13 footprint in D:\Projects\keyboard\ZMK-G915\zmk-g915.kicad_pcb
[board_modifier.py:85]: Setting LED13 footprint position: (152590000, 61341000)
[key_placer.py:775]: Placing additional elements for MX27
[board_modifier.py:98]: Getting MX27 footprint position: (457836270, 61341000)
[board_modifier.py:75]: Searching for optional C27 footprint in D:\Projects\keyboard\ZMK-G915\zmk-g915.kicad_pcb
[board_modifier.py:85]: Setting C27 footprint position: (463316270, 60041000)
[board_modifier.py:75]: Searching for optional LED27 footprint in D:\Projects\keyboard\ZMK-G915\zmk-g915.kicad_pcb
[board_modifier.py:85]: Setting LED27 footprint position: (458026270, 61341000)
[key_placer.py:775]: Placing additional elements for MX32
[board_modifier.py:98]: Getting MX32 footprint position: (101599365, 85153500)
[board_modifier.py:75]: Searching for optional C32 footprint in D:\Projects\keyboard\ZMK-G915\zmk-g915.kicad_pcb
[board_modifier.py:85]: Setting C32 footprint position: (107079365, 83853500)
[board_modifier.py:75]: Searching for optional LED32 footprint in D:\Projects\keyboard\ZMK-G915\zmk-g915.kicad_pcb
[board_modifier.py:85]: Setting LED32 footprint position: (101789365, 85153500)
[key_placer.py:775]: Placing additional elements for MX53
[board_modifier.py:98]: Getting MX53 footprint position: (92074364, 104203500)
[board_modifier.py:75]: Searching for optional C53 footprint in D:\Projects\keyboard\ZMK-G915\zmk-g915.kicad_pcb
[board_modifier.py:85]: Setting C53 footprint position: (97554364, 102903500)
[board_modifier.py:75]: Searching for optional LED53 footprint in D:\Projects\keyboard\ZMK-G915\zmk-g915.kicad_pcb
[board_modifier.py:85]: Setting LED53 footprint position: (92264364, 104203500)
[key_placer.py:775]: Placing additional elements for MX2
[board_modifier.py:98]: Getting MX2 footprint position: (114300000, 38100000)
[board_modifier.py:75]: Searching for optional C2 footprint in D:\Projects\keyboard\ZMK-G915\zmk-g915.kicad_pcb
[board_modifier.py:85]: Setting C2 footprint position: (119780000, 36800000)
[board_modifier.py:75]: Searching for optional LED2 footprint in D:\Projects\keyboard\ZMK-G915\zmk-g915.kicad_pcb
[board_modifier.py:85]: Setting LED2 footprint position: (114490000, 38100000)
[key_placer.py:775]: Placing additional elements for MX11
[board_modifier.py:98]: Getting MX11 footprint position: (114300000, 61341000)
[board_modifier.py:75]: Searching for optional C11 footprint in D:\Projects\keyboard\ZMK-G915\zmk-g915.kicad_pcb
[board_modifier.py:85]: Setting C11 footprint position: (119780000, 60041000)
[board_modifier.py:75]: Searching for optional LED11 footprint in D:\Projects\keyboard\ZMK-G915\zmk-g915.kicad_pcb
[board_modifier.py:85]: Setting LED11 footprint position: (114490000, 61341000)
[key_placer.py:775]: Placing additional elements for MX97
[board_modifier.py:98]: Getting MX97 footprint position: (201611865, 142303500)
[board_modifier.py:75]: Searching for optional C97 footprint in D:\Projects\keyboard\ZMK-G915\zmk-g915.kicad_pcb
[board_modifier.py:85]: Setting C97 footprint position: (207091865, 141003500)
[board_modifier.py:75]: Searching for optional LED97 footprint in D:\Projects\keyboard\ZMK-G915\zmk-g915.kicad_pcb
[board_modifier.py:85]: Setting LED97 footprint position: (201801865, 142303500)
[key_placer.py:775]: Placing additional elements for MX3
[board_modifier.py:98]: Getting MX3 footprint position: (133350000, 38100000)
[board_modifier.py:75]: Searching for optional C3 footprint in D:\Projects\keyboard\ZMK-G915\zmk-g915.kicad_pcb
[board_modifier.py:85]: Setting C3 footprint position: (138830000, 36800000)
[board_modifier.py:75]: Searching for optional LED3 footprint in D:\Projects\keyboard\ZMK-G915\zmk-g915.kicad_pcb
[board_modifier.py:85]: Setting LED3 footprint position: (133540000, 38100000)
[key_placer.py:775]: Placing additional elements for MX25
[board_modifier.py:98]: Getting MX25 footprint position: (419736270, 61341000)
[board_modifier.py:75]: Searching for optional C25 footprint in D:\Projects\keyboard\ZMK-G915\zmk-g915.kicad_pcb
[board_modifier.py:85]: Setting C25 footprint position: (425216270, 60041000)
[board_modifier.py:75]: Searching for optional LED25 footprint in D:\Projects\keyboard\ZMK-G915\zmk-g915.kicad_pcb
[board_modifier.py:85]: Setting LED25 footprint position: (419926270, 61341000)
[key_placer.py:775]: Placing additional elements for MX89
[board_modifier.py:98]: Getting MX89 footprint position: (457834365, 123253500)
[board_modifier.py:75]: Searching for optional C89 footprint in D:\Projects\keyboard\ZMK-G915\zmk-g915.kicad_pcb
[board_modifier.py:85]: Setting C89 footprint position: (463314365, 121953500)
[board_modifier.py:75]: Searching for optional LED89 footprint in D:\Projects\keyboard\ZMK-G915\zmk-g915.kicad_pcb
[board_modifier.py:85]: Setting LED89 footprint position: (458024365, 123253500)
[key_placer.py:775]: Placing additional elements for MX86
[board_modifier.py:98]: Getting MX86 footprint position: (318293115, 123253500)
[board_modifier.py:75]: Searching for optional C86 footprint in D:\Projects\keyboard\ZMK-G915\zmk-g915.kicad_pcb
[board_modifier.py:85]: Setting C86 footprint position: (323773115, 121953500)
[board_modifier.py:75]: Searching for optional LED86 footprint in D:\Projects\keyboard\ZMK-G915\zmk-g915.kicad_pcb
[board_modifier.py:85]: Setting LED86 footprint position: (318483115, 123253500)
[key_placer.py:775]: Placing additional elements for MX19
[board_modifier.py:98]: Getting MX19 footprint position: (292101270, 61341000)
[board_modifier.py:75]: Searching for optional C19 footprint in D:\Projects\keyboard\ZMK-G915\zmk-g915.kicad_pcb
[board_modifier.py:85]: Setting C19 footprint position: (297581270, 60041000)
[board_modifier.py:75]: Searching for optional LED19 footprint in D:\Projects\keyboard\ZMK-G915\zmk-g915.kicad_pcb
[board_modifier.py:85]: Setting LED19 footprint position: (292291270, 61341000)
[key_placer.py:775]: Placing additional elements for MX29
[board_modifier.py:98]: Getting MX29 footprint position: (39496365, 85153500)
[board_modifier.py:75]: Searching for optional C29 footprint in D:\Projects\keyboard\ZMK-G915\zmk-g915.kicad_pcb
[board_modifier.py:85]: Setting C29 footprint position: (44976365, 83853500)
[board_modifier.py:75]: Searching for optional LED29 footprint in D:\Projects\keyboard\ZMK-G915\zmk-g915.kicad_pcb
[board_modifier.py:85]: Setting LED29 footprint position: (39686365, 85153500)
[key_placer.py:775]: Placing additional elements for MX93
[board_modifier.py:98]: Getting MX93 footprint position: (125411865, 142303500)
[board_modifier.py:75]: Searching for optional C93 footprint in D:\Projects\keyboard\ZMK-G915\zmk-g915.kicad_pcb
[board_modifier.py:85]: Setting C93 footprint position: (130891865, 141003500)
[board_modifier.py:75]: Searching for optional LED93 footprint in D:\Projects\keyboard\ZMK-G915\zmk-g915.kicad_pcb
[board_modifier.py:85]: Setting LED93 footprint position: (125601865, 142303500)
[key_placer.py:775]: Placing additional elements for MX95
[board_modifier.py:98]: Getting MX95 footprint position: (163511865, 142303500)
[board_modifier.py:75]: Searching for optional C95 footprint in D:\Projects\keyboard\ZMK-G915\zmk-g915.kicad_pcb
[board_modifier.py:85]: Setting C95 footprint position: (168991865, 141003500)
[board_modifier.py:75]: Searching for optional LED95 footprint in D:\Projects\keyboard\ZMK-G915\zmk-g915.kicad_pcb
[board_modifier.py:85]: Setting LED95 footprint position: (163701865, 142303500)
[key_placer.py:775]: Placing additional elements for MX88
[board_modifier.py:98]: Getting MX88 footprint position: (438784365, 123253500)
[board_modifier.py:75]: Searching for optional C88 footprint in D:\Projects\keyboard\ZMK-G915\zmk-g915.kicad_pcb
[board_modifier.py:85]: Setting C88 footprint position: (444264365, 121953500)
[board_modifier.py:75]: Searching for optional LED88 footprint in D:\Projects\keyboard\ZMK-G915\zmk-g915.kicad_pcb
[board_modifier.py:85]: Setting LED88 footprint position: (438974365, 123253500)
[key_placer.py:775]: Placing additional elements for MX4
[board_modifier.py:98]: Getting MX4 footprint position: (152400000, 38100000)
[board_modifier.py:75]: Searching for optional C4 footprint in D:\Projects\keyboard\ZMK-G915\zmk-g915.kicad_pcb
[board_modifier.py:85]: Setting C4 footprint position: (157880000, 36800000)
[board_modifier.py:75]: Searching for optional LED4 footprint in D:\Projects\keyboard\ZMK-G915\zmk-g915.kicad_pcb
[board_modifier.py:85]: Setting LED4 footprint position: (152590000, 38100000)
[key_placer.py:775]: Placing additional elements for MX17
[board_modifier.py:98]: Getting MX17 footprint position: (241300635, 61341000)
[board_modifier.py:75]: Searching for optional C17 footprint in D:\Projects\keyboard\ZMK-G915\zmk-g915.kicad_pcb
[board_modifier.py:85]: Setting C17 footprint position: (246780635, 60041000)
[board_modifier.py:75]: Searching for optional LED17 footprint in D:\Projects\keyboard\ZMK-G915\zmk-g915.kicad_pcb
[board_modifier.py:85]: Setting LED17 footprint position: (241490635, 61341000)
[key_placer.py:775]: Placing additional elements for MX45
[board_modifier.py:98]: Getting MX45 footprint position: (374966865, 85153500)
[board_modifier.py:75]: Searching for optional C45 footprint in D:\Projects\keyboard\ZMK-G915\zmk-g915.kicad_pcb
[board_modifier.py:85]: Setting C45 footprint position: (380446865, 83853500)
[board_modifier.py:75]: Searching for optional LED45 footprint in D:\Projects\keyboard\ZMK-G915\zmk-g915.kicad_pcb
[board_modifier.py:85]: Setting LED45 footprint position: (375156865, 85153500)
[key_placer.py:775]: Placing additional elements for MX34
[board_modifier.py:98]: Getting MX34 footprint position: (139699365, 85153500)
[board_modifier.py:75]: Searching for optional C34 footprint in D:\Projects\keyboard\ZMK-G915\zmk-g915.kicad_pcb
[board_modifier.py:85]: Setting C34 footprint position: (145179365, 83853500)
[board_modifier.py:75]: Searching for optional LED34 footprint in D:\Projects\keyboard\ZMK-G915\zmk-g915.kicad_pcb
[board_modifier.py:85]: Setting LED34 footprint position: (139889365, 85153500)
[key_placer.py:775]: Placing additional elements for MX58
[board_modifier.py:98]: Getting MX58 footprint position: (187324365, 104203500)
[board_modifier.py:75]: Searching for optional C58 footprint in D:\Projects\keyboard\ZMK-G915\zmk-g915.kicad_pcb
[board_modifier.py:85]: Setting C58 footprint position: (192804365, 102903500)
[board_modifier.py:75]: Searching for optional LED58 footprint in D:\Projects\keyboard\ZMK-G915\zmk-g915.kicad_pcb
[board_modifier.py:85]: Setting LED58 footprint position: (187514365, 104203500)
[key_placer.py:775]: Placing additional elements for MX82
[board_modifier.py:98]: Getting MX82 footprint position: (230186865, 123253500)
[board_modifier.py:75]: Searching for optional C82 footprint in D:\Projects\keyboard\ZMK-G915\zmk-g915.kicad_pcb
[board_modifier.py:85]: Setting C82 footprint position: (235666865, 121953500)
[board_modifier.py:75]: Searching for optional LED82 footprint in D:\Projects\keyboard\ZMK-G915\zmk-g915.kicad_pcb
[board_modifier.py:85]: Setting LED82 footprint position: (230376865, 123253500)
[key_placer.py:775]: Placing additional elements for MX84
[board_modifier.py:98]: Getting MX84 footprint position: (268286865, 123253500)
[board_modifier.py:75]: Searching for optional C84 footprint in D:\Projects\keyboard\ZMK-G915\zmk-g915.kicad_pcb
[board_modifier.py:85]: Setting C84 footprint position: (273766865, 121953500)
[board_modifier.py:75]: Searching for optional LED84 footprint in D:\Projects\keyboard\ZMK-G915\zmk-g915.kicad_pcb
[board_modifier.py:85]: Setting LED84 footprint position: (268476865, 123253500)
[key_placer.py:775]: Placing additional elements for MX68
[board_modifier.py:98]: Getting MX68 footprint position: (394016865, 104203500)
[board_modifier.py:75]: Searching for optional C68 footprint in D:\Projects\keyboard\ZMK-G915\zmk-g915.kicad_pcb
[board_modifier.py:85]: Setting C68 footprint position: (399496865, 102903500)
[board_modifier.py:75]: Searching for optional LED68 footprint in D:\Projects\keyboard\ZMK-G915\zmk-g915.kicad_pcb
[board_modifier.py:85]: Setting LED68 footprint position: (394206865, 104203500)
[key_placer.py:775]: Placing additional elements for MX1
[board_modifier.py:98]: Getting MX1 footprint position: (95250000, 38100000)
[board_modifier.py:75]: Searching for optional C1 footprint in D:\Projects\keyboard\ZMK-G915\zmk-g915.kicad_pcb
[board_modifier.py:85]: Setting C1 footprint position: (100730000, 36800000)
[board_modifier.py:75]: Searching for optional LED1 footprint in D:\Projects\keyboard\ZMK-G915\zmk-g915.kicad_pcb
[board_modifier.py:85]: Setting LED1 footprint position: (95440000, 38100000)
[key_placer.py:775]: Placing additional elements for MX60
[board_modifier.py:98]: Getting MX60 footprint position: (225424365, 104203500)
[board_modifier.py:75]: Searching for optional C60 footprint in D:\Projects\keyboard\ZMK-G915\zmk-g915.kicad_pcb
[board_modifier.py:85]: Setting C60 footprint position: (230904365, 102903500)
[board_modifier.py:75]: Searching for optional LED60 footprint in D:\Projects\keyboard\ZMK-G915\zmk-g915.kicad_pcb
[board_modifier.py:85]: Setting LED60 footprint position: (225614365, 104203500)
[key_placer.py:775]: Placing additional elements for MX7
[board_modifier.py:98]: Getting MX7 footprint position: (222250635, 38100000)
[board_modifier.py:75]: Searching for optional C7 footprint in D:\Projects\keyboard\ZMK-G915\zmk-g915.kicad_pcb
[board_modifier.py:85]: Setting C7 footprint position: (227730635, 36800000)
[board_modifier.py:75]: Searching for optional LED7 footprint in D:\Projects\keyboard\ZMK-G915\zmk-g915.kicad_pcb
[board_modifier.py:85]: Setting LED7 footprint position: (222440635, 38100000)
[key_placer.py:775]: Placing additional elements for MX42
[board_modifier.py:98]: Getting MX42 footprint position: (292099365, 85153500)
[board_modifier.py:75]: Searching for optional C42 footprint in D:\Projects\keyboard\ZMK-G915\zmk-g915.kicad_pcb
[board_modifier.py:85]: Setting C42 footprint position: (297579365, 83853500)
[board_modifier.py:75]: Searching for optional LED42 footprint in D:\Projects\keyboard\ZMK-G915\zmk-g915.kicad_pcb
[board_modifier.py:85]: Setting LED42 footprint position: (292289365, 85153500)
[key_placer.py:775]: Placing additional elements for MX30
[board_modifier.py:98]: Getting MX30 footprint position: (63499365, 85153500)
[board_modifier.py:75]: Searching for optional C30 footprint in D:\Projects\keyboard\ZMK-G915\zmk-g915.kicad_pcb
[board_modifier.py:85]: Setting C30 footprint position: (68979365, 83853500)
[board_modifier.py:75]: Searching for optional LED30 footprint in D:\Projects\keyboard\ZMK-G915\zmk-g915.kicad_pcb
[board_modifier.py:85]: Setting LED30 footprint position: (63689365, 85153500)
[key_placer.py:775]: Placing additional elements for MX43
[board_modifier.py:98]: Getting MX43 footprint position: (320674365, 85153500)
[board_modifier.py:75]: Searching for optional C43 footprint in D:\Projects\keyboard\ZMK-G915\zmk-g915.kicad_pcb
[board_modifier.py:85]: Setting C43 footprint position: (326154365, 83853500)
[board_modifier.py:75]: Searching for optional LED43 footprint in D:\Projects\keyboard\ZMK-G915\zmk-g915.kicad_pcb
[board_modifier.py:85]: Setting LED43 footprint position: (320864365, 85153500)
[key_placer.py:775]: Placing additional elements for MX38
[board_modifier.py:98]: Getting MX38 footprint position: (215899365, 85153500)
[board_modifier.py:75]: Searching for optional C38 footprint in D:\Projects\keyboard\ZMK-G915\zmk-g915.kicad_pcb
[board_modifier.py:85]: Setting C38 footprint position: (221379365, 83853500)
[board_modifier.py:75]: Searching for optional LED38 footprint in D:\Projects\keyboard\ZMK-G915\zmk-g915.kicad_pcb
[board_modifier.py:85]: Setting LED38 footprint position: (216089365, 85153500)
[key_placer.py:775]: Placing additional elements for MX71
[board_modifier.py:98]: Getting MX71 footprint position: (457834365, 104203500)
[board_modifier.py:75]: Searching for optional C71 footprint in D:\Projects\keyboard\ZMK-G915\zmk-g915.kicad_pcb
[board_modifier.py:85]: Setting C71 footprint position: (463314365, 102903500)
[board_modifier.py:75]: Searching for optional LED71 footprint in D:\Projects\keyboard\ZMK-G915\zmk-g915.kicad_pcb
[board_modifier.py:85]: Setting LED71 footprint position: (458024365, 104203500)
[key_placer.py:775]: Placing additional elements for MX18
[board_modifier.py:98]: Getting MX18 footprint position: (273051270, 61341000)
[board_modifier.py:75]: Searching for optional C18 footprint in D:\Projects\keyboard\ZMK-G915\zmk-g915.kicad_pcb
[board_modifier.py:85]: Setting C18 footprint position: (278531270, 60041000)
[board_modifier.py:75]: Searching for optional LED18 footprint in D:\Projects\keyboard\ZMK-G915\zmk-g915.kicad_pcb
[board_modifier.py:85]: Setting LED18 footprint position: (273241270, 61341000)
[key_placer.py:775]: Placing additional elements for MX80
[board_modifier.py:98]: Getting MX80 footprint position: (192086865, 123253500)
[board_modifier.py:75]: Searching for optional C80 footprint in D:\Projects\keyboard\ZMK-G915\zmk-g915.kicad_pcb
[board_modifier.py:85]: Setting C80 footprint position: (197566865, 121953500)
[board_modifier.py:75]: Searching for optional LED80 footprint in D:\Projects\keyboard\ZMK-G915\zmk-g915.kicad_pcb
[board_modifier.py:85]: Setting LED80 footprint position: (192276865, 123253500)
[key_placer.py:775]: Placing additional elements for MX115
[board_modifier.py:98]: Getting MX115 footprint position: (299243115, 161353500)
[board_modifier.py:75]: Searching for optional C115 footprint in D:\Projects\keyboard\ZMK-G915\zmk-g915.kicad_pcb
[board_modifier.py:85]: Setting C115 footprint position: (304723115, 160053500)
[board_modifier.py:75]: Searching for optional LED115 footprint in D:\Projects\keyboard\ZMK-G915\zmk-g915.kicad_pcb
[board_modifier.py:85]: Setting LED115 footprint position: (299433115, 161353500)
[key_placer.py:775]: Placing additional elements for MX56
[board_modifier.py:98]: Getting MX56 footprint position: (149224365, 104203500)
[board_modifier.py:75]: Searching for optional C56 footprint in D:\Projects\keyboard\ZMK-G915\zmk-g915.kicad_pcb
[board_modifier.py:85]: Setting C56 footprint position: (154704365, 102903500)
[board_modifier.py:75]: Searching for optional LED56 footprint in D:\Projects\keyboard\ZMK-G915\zmk-g915.kicad_pcb
[board_modifier.py:85]: Setting LED56 footprint position: (149414365, 104203500)
[key_placer.py:775]: Placing additional elements for MX76
[board_modifier.py:98]: Getting MX76 footprint position: (115886865, 123253500)
[board_modifier.py:75]: Searching for optional C76 footprint in D:\Projects\keyboard\ZMK-G915\zmk-g915.kicad_pcb
[board_modifier.py:85]: Setting C76 footprint position: (121366865, 121953500)
[board_modifier.py:75]: Searching for optional LED76 footprint in D:\Projects\keyboard\ZMK-G915\zmk-g915.kicad_pcb
[board_modifier.py:85]: Setting LED76 footprint position: (116076865, 123253500)
[key_placer.py:775]: Placing additional elements for MX21
[board_modifier.py:98]: Getting MX21 footprint position: (330201270, 61341000)
[board_modifier.py:75]: Searching for optional C21 footprint in D:\Projects\keyboard\ZMK-G915\zmk-g915.kicad_pcb
[board_modifier.py:85]: Setting C21 footprint position: (335681270, 60041000)
[board_modifier.py:75]: Searching for optional LED21 footprint in D:\Projects\keyboard\ZMK-G915\zmk-g915.kicad_pcb
[board_modifier.py:85]: Setting LED21 footprint position: (330391270, 61341000)
[key_placer.py:775]: Placing additional elements for MX28
[board_modifier.py:98]: Getting MX28 footprint position: (476886270, 61341000)
[board_modifier.py:75]: Searching for optional C28 footprint in D:\Projects\keyboard\ZMK-G915\zmk-g915.kicad_pcb
[board_modifier.py:85]: Setting C28 footprint position: (482366270, 60041000)
[board_modifier.py:75]: Searching for optional LED28 footprint in D:\Projects\keyboard\ZMK-G915\zmk-g915.kicad_pcb
[board_modifier.py:85]: Setting LED28 footprint position: (477076270, 61341000)
[key_placer.py:775]: Placing additional elements for MX31
[board_modifier.py:98]: Getting MX31 footprint position: (82549364, 85153500)
[board_modifier.py:75]: Searching for optional C31 footprint in D:\Projects\keyboard\ZMK-G915\zmk-g915.kicad_pcb
[board_modifier.py:85]: Setting C31 footprint position: (88029364, 83853500)
[board_modifier.py:75]: Searching for optional LED31 footprint in D:\Projects\keyboard\ZMK-G915\zmk-g915.kicad_pcb
[board_modifier.py:85]: Setting LED31 footprint position: (82739364, 85153500)
[key_placer.py:775]: Placing additional elements for MX121
[board_modifier.py:98]: Getting MX121 footprint position: (457834365, 161353500)
[board_modifier.py:75]: Searching for optional C121 footprint in D:\Projects\keyboard\ZMK-G915\zmk-g915.kicad_pcb
[board_modifier.py:85]: Setting C121 footprint position: (463314365, 160053500)
[board_modifier.py:75]: Searching for optional LED121 footprint in D:\Projects\keyboard\ZMK-G915\zmk-g915.kicad_pcb
[board_modifier.py:85]: Setting LED121 footprint position: (458024365, 161353500)
[key_placer.py:775]: Placing additional elements for MX40
[board_modifier.py:98]: Getting MX40 footprint position: (253999365, 85153500)
[board_modifier.py:75]: Searching for optional C40 footprint in D:\Projects\keyboard\ZMK-G915\zmk-g915.kicad_pcb
[board_modifier.py:85]: Setting C40 footprint position: (259479365, 83853500)
[board_modifier.py:75]: Searching for optional LED40 footprint in D:\Projects\keyboard\ZMK-G915\zmk-g915.kicad_pcb
[board_modifier.py:85]: Setting LED40 footprint position: (254189365, 85153500)
[key_placer.py:775]: Placing additional elements for MX103
[board_modifier.py:98]: Getting MX103 footprint position: (374966865, 142303500)
[board_modifier.py:75]: Searching for optional C103 footprint in D:\Projects\keyboard\ZMK-G915\zmk-g915.kicad_pcb
[board_modifier.py:85]: Setting C103 footprint position: (380446865, 141003500)
[board_modifier.py:75]: Searching for optional LED103 footprint in D:\Projects\keyboard\ZMK-G915\zmk-g915.kicad_pcb
[board_modifier.py:85]: Setting LED103 footprint position: (375156865, 142303500)
[key_placer.py:775]: Placing additional elements for MX49
[board_modifier.py:98]: Getting MX49 footprint position: (457834365, 85153500)
[board_modifier.py:75]: Searching for optional C49 footprint in D:\Projects\keyboard\ZMK-G915\zmk-g915.kicad_pcb
[board_modifier.py:85]: Setting C49 footprint position: (463314365, 83853500)
[board_modifier.py:75]: Searching for optional LED49 footprint in D:\Projects\keyboard\ZMK-G915\zmk-g915.kicad_pcb
[board_modifier.py:85]: Setting LED49 footprint position: (458024365, 85153500)
[key_placer.py:775]: Placing additional elements for MX16
[board_modifier.py:98]: Getting MX16 footprint position: (222250635, 61341000)
[board_modifier.py:75]: Searching for optional C16 footprint in D:\Projects\keyboard\ZMK-G915\zmk-g915.kicad_pcb
[board_modifier.py:85]: Setting C16 footprint position: (227730635, 60041000)
[board_modifier.py:75]: Searching for optional LED16 footprint in D:\Projects\keyboard\ZMK-G915\zmk-g915.kicad_pcb
[board_modifier.py:85]: Setting LED16 footprint position: (222440635, 61341000)
[key_placer.py:775]: Placing additional elements for MX47
[board_modifier.py:98]: Getting MX47 footprint position: (419734365, 85153500)
[board_modifier.py:75]: Searching for optional C47 footprint in D:\Projects\keyboard\ZMK-G915\zmk-g915.kicad_pcb
[board_modifier.py:85]: Setting C47 footprint position: (425214365, 83853500)
[board_modifier.py:75]: Searching for optional LED47 footprint in D:\Projects\keyboard\ZMK-G915\zmk-g915.kicad_pcb
[board_modifier.py:85]: Setting LED47 footprint position: (419924365, 85153500)
[key_placer.py:775]: Placing additional elements for MX94
[board_modifier.py:98]: Getting MX94 footprint position: (144461865, 142303500)
[board_modifier.py:75]: Searching for optional C94 footprint in D:\Projects\keyboard\ZMK-G915\zmk-g915.kicad_pcb
[board_modifier.py:85]: Setting C94 footprint position: (149941865, 141003500)
[board_modifier.py:75]: Searching for optional LED94 footprint in D:\Projects\keyboard\ZMK-G915\zmk-g915.kicad_pcb
[board_modifier.py:85]: Setting LED94 footprint position: (144651865, 142303500)
[key_placer.py:775]: Placing additional elements for MX39
[board_modifier.py:98]: Getting MX39 footprint position: (234949365, 85153500)
[board_modifier.py:75]: Searching for optional C39 footprint in D:\Projects\keyboard\ZMK-G915\zmk-g915.kicad_pcb
[board_modifier.py:85]: Setting C39 footprint position: (240429365, 83853500)
[board_modifier.py:75]: Searching for optional LED39 footprint in D:\Projects\keyboard\ZMK-G915\zmk-g915.kicad_pcb
[board_modifier.py:85]: Setting LED39 footprint position: (235139365, 85153500)
[key_placer.py:775]: Placing additional elements for MX24
[board_modifier.py:98]: Getting MX24 footprint position: (394018770, 61341000)
[board_modifier.py:75]: Searching for optional C24 footprint in D:\Projects\keyboard\ZMK-G915\zmk-g915.kicad_pcb
[board_modifier.py:85]: Setting C24 footprint position: (399498770, 60041000)
[board_modifier.py:75]: Searching for optional LED24 footprint in D:\Projects\keyboard\ZMK-G915\zmk-g915.kicad_pcb
[board_modifier.py:85]: Setting LED24 footprint position: (394208770, 61341000)
[key_placer.py:775]: Placing additional elements for MX113
[board_modifier.py:98]: Getting MX113 footprint position: (251618115, 161353500)
[board_modifier.py:75]: Searching for optional C113 footprint in D:\Projects\keyboard\ZMK-G915\zmk-g915.kicad_pcb
[board_modifier.py:85]: Setting C113 footprint position: (257098115, 160053500)
[board_modifier.py:75]: Searching for optional LED113 footprint in D:\Projects\keyboard\ZMK-G915\zmk-g915.kicad_pcb
[board_modifier.py:85]: Setting LED113 footprint position: (251808115, 161353500)
[key_placer.py:775]: Placing additional elements for MX46
[board_modifier.py:98]: Getting MX46 footprint position: (394016865, 85153500)
[board_modifier.py:75]: Searching for optional C46 footprint in D:\Projects\keyboard\ZMK-G915\zmk-g915.kicad_pcb
[board_modifier.py:85]: Setting C46 footprint position: (399496865, 83853500)
[board_modifier.py:75]: Searching for optional LED46 footprint in D:\Projects\keyboard\ZMK-G915\zmk-g915.kicad_pcb
[board_modifier.py:85]: Setting LED46 footprint position: (394206865, 85153500)
[key_placer.py:775]: Placing additional elements for MX22
[board_modifier.py:98]: Getting MX22 footprint position: (355918770, 61341000)
[board_modifier.py:75]: Searching for optional C22 footprint in D:\Projects\keyboard\ZMK-G915\zmk-g915.kicad_pcb
[board_modifier.py:85]: Setting C22 footprint position: (361398770, 60041000)
[board_modifier.py:75]: Searching for optional LED22 footprint in D:\Projects\keyboard\ZMK-G915\zmk-g915.kicad_pcb
[board_modifier.py:85]: Setting LED22 footprint position: (356108770, 61341000)
[key_placer.py:775]: Placing additional elements for MX57
[board_modifier.py:98]: Getting MX57 footprint position: (168274365, 104203500)
[board_modifier.py:75]: Searching for optional C57 footprint in D:\Projects\keyboard\ZMK-G915\zmk-g915.kicad_pcb
[board_modifier.py:85]: Setting C57 footprint position: (173754365, 102903500)
[board_modifier.py:75]: Searching for optional LED57 footprint in D:\Projects\keyboard\ZMK-G915\zmk-g915.kicad_pcb
[board_modifier.py:85]: Setting LED57 footprint position: (168464365, 104203500)
[key_placer.py:775]: Placing additional elements for MX75
[board_modifier.py:98]: Getting MX75 footprint position: (96836864, 123253500)
[board_modifier.py:75]: Searching for optional C75 footprint in D:\Projects\keyboard\ZMK-G915\zmk-g915.kicad_pcb
[board_modifier.py:85]: Setting C75 footprint position: (102316864, 121953500)
[board_modifier.py:75]: Searching for optional LED75 footprint in D:\Projects\keyboard\ZMK-G915\zmk-g915.kicad_pcb
[board_modifier.py:85]: Setting LED75 footprint position: (97026864, 123253500)
[key_placer.py:775]: Placing additional elements for MX79
[board_modifier.py:98]: Getting MX79 footprint position: (173036865, 123253500)
[board_modifier.py:75]: Searching for optional C79 footprint in D:\Projects\keyboard\ZMK-G915\zmk-g915.kicad_pcb
[board_modifier.py:85]: Setting C79 footprint position: (178516865, 121953500)
[board_modifier.py:75]: Searching for optional LED79 footprint in D:\Projects\keyboard\ZMK-G915\zmk-g915.kicad_pcb
[board_modifier.py:85]: Setting LED79 footprint position: (173226865, 123253500)
[key_placer.py:775]: Placing additional elements for MX6
[board_modifier.py:98]: Getting MX6 footprint position: (203200635, 38100000)
[board_modifier.py:75]: Searching for optional C6 footprint in D:\Projects\keyboard\ZMK-G915\zmk-g915.kicad_pcb
[board_modifier.py:85]: Setting C6 footprint position: (208680635, 36800000)
[board_modifier.py:75]: Searching for optional LED6 footprint in D:\Projects\keyboard\ZMK-G915\zmk-g915.kicad_pcb
[board_modifier.py:85]: Setting LED6 footprint position: (203390635, 38100000)
[key_placer.py:775]: Placing additional elements for MX33
[board_modifier.py:98]: Getting MX33 footprint position: (120649365, 85153500)
[board_modifier.py:75]: Searching for optional C33 footprint in D:\Projects\keyboard\ZMK-G915\zmk-g915.kicad_pcb
[board_modifier.py:85]: Setting C33 footprint position: (126129365, 83853500)
[board_modifier.py:75]: Searching for optional LED33 footprint in D:\Projects\keyboard\ZMK-G915\zmk-g915.kicad_pcb
[board_modifier.py:85]: Setting LED33 footprint position: (120839365, 85153500)
[key_placer.py:775]: Placing additional elements for MX14
[board_modifier.py:98]: Getting MX14 footprint position: (184150634, 61341000)
[board_modifier.py:75]: Searching for optional C14 footprint in D:\Projects\keyboard\ZMK-G915\zmk-g915.kicad_pcb
[board_modifier.py:85]: Setting C14 footprint position: (189630634, 60041000)
[board_modifier.py:75]: Searching for optional LED14 footprint in D:\Projects\keyboard\ZMK-G915\zmk-g915.kicad_pcb
[board_modifier.py:85]: Setting LED14 footprint position: (184340634, 61341000)
[key_placer.py:775]: Placing additional elements for MX85
[board_modifier.py:98]: Getting MX85 footprint position: (287336865, 123253500)
[board_modifier.py:75]: Searching for optional C85 footprint in D:\Projects\keyboard\ZMK-G915\zmk-g915.kicad_pcb
[board_modifier.py:85]: Setting C85 footprint position: (292816865, 121953500)
[board_modifier.py:75]: Searching for optional LED85 footprint in D:\Projects\keyboard\ZMK-G915\zmk-g915.kicad_pcb
[board_modifier.py:85]: Setting LED85 footprint position: (287526865, 123253500)
[key_placer.py:775]: Placing additional elements for MX101
[board_modifier.py:98]: Getting MX101 footprint position: (277811865, 142303500)
[board_modifier.py:75]: Searching for optional C101 footprint in D:\Projects\keyboard\ZMK-G915\zmk-g915.kicad_pcb
[board_modifier.py:85]: Setting C101 footprint position: (283291865, 141003500)
[board_modifier.py:75]: Searching for optional LED101 footprint in D:\Projects\keyboard\ZMK-G915\zmk-g915.kicad_pcb
[board_modifier.py:85]: Setting LED101 footprint position: (278001865, 142303500)
[key_placer.py:775]: Placing additional elements for MX111
[board_modifier.py:98]: Getting MX111 footprint position: (118268115, 161353500)
[board_modifier.py:75]: Searching for optional C111 footprint in D:\Projects\keyboard\ZMK-G915\zmk-g915.kicad_pcb
[board_modifier.py:85]: Setting C111 footprint position: (123748115, 160053500)
[board_modifier.py:75]: Searching for optional LED111 footprint in D:\Projects\keyboard\ZMK-G915\zmk-g915.kicad_pcb
[board_modifier.py:85]: Setting LED111 footprint position: (118458115, 161353500)
[key_placer.py:775]: Placing additional elements for MX48
[board_modifier.py:98]: Getting MX48 footprint position: (438784365, 85153500)
[board_modifier.py:75]: Searching for optional C48 footprint in D:\Projects\keyboard\ZMK-G915\zmk-g915.kicad_pcb
[board_modifier.py:85]: Setting C48 footprint position: (444264365, 83853500)
[board_modifier.py:75]: Searching for optional LED48 footprint in D:\Projects\keyboard\ZMK-G915\zmk-g915.kicad_pcb
[board_modifier.py:85]: Setting LED48 footprint position: (438974365, 85153500)
[key_placer.py:775]: Placing additional elements for MX107
[board_modifier.py:98]: Getting MX107 footprint position: (476884365, 151828500)
[board_modifier.py:75]: Searching for optional C107 footprint in D:\Projects\keyboard\ZMK-G915\zmk-g915.kicad_pcb
[board_modifier.py:85]: Setting C107 footprint position: (482364365, 150528500)
[board_modifier.py:75]: Searching for optional LED107 footprint in D:\Projects\keyboard\ZMK-G915\zmk-g915.kicad_pcb
[board_modifier.py:85]: Setting LED107 footprint position: (477074365, 151828500)
[key_placer.py:775]: Placing additional elements for MX37
[board_modifier.py:98]: Getting MX37 footprint position: (196849365, 85153500)
[board_modifier.py:75]: Searching for optional C37 footprint in D:\Projects\keyboard\ZMK-G915\zmk-g915.kicad_pcb
[board_modifier.py:85]: Setting C37 footprint position: (202329365, 83853500)
[board_modifier.py:75]: Searching for optional LED37 footprint in D:\Projects\keyboard\ZMK-G915\zmk-g915.kicad_pcb
[board_modifier.py:85]: Setting LED37 footprint position: (197039365, 85153500)
[key_placer.py:775]: Placing additional elements for MX120
[board_modifier.py:98]: Getting MX120 footprint position: (429259365, 161353500)
[board_modifier.py:75]: Searching for optional C120 footprint in D:\Projects\keyboard\ZMK-G915\zmk-g915.kicad_pcb
[board_modifier.py:85]: Setting C120 footprint position: (434739365, 160053500)
[board_modifier.py:75]: Searching for optional LED120 footprint in D:\Projects\keyboard\ZMK-G915\zmk-g915.kicad_pcb
[board_modifier.py:85]: Setting LED120 footprint position: (429449365, 161353500)
[key_placer.py:775]: Placing additional elements for MX44
[board_modifier.py:98]: Getting MX44 footprint position: (355916865, 85153500)
[board_modifier.py:75]: Searching for optional C44 footprint in D:\Projects\keyboard\ZMK-G915\zmk-g915.kicad_pcb
[board_modifier.py:85]: Setting C44 footprint position: (361396865, 83853500)
[board_modifier.py:75]: Searching for optional LED44 footprint in D:\Projects\keyboard\ZMK-G915\zmk-g915.kicad_pcb
[board_modifier.py:85]: Setting LED44 footprint position: (356106865, 85153500)
[key_placer.py:775]: Placing additional elements for MX114
[board_modifier.py:98]: Getting MX114 footprint position: (275430615, 161353500)
[board_modifier.py:75]: Searching for optional C114 footprint in D:\Projects\keyboard\ZMK-G915\zmk-g915.kicad_pcb
[board_modifier.py:85]: Setting C114 footprint position: (280910615, 160053500)
[board_modifier.py:75]: Searching for optional LED114 footprint in D:\Projects\keyboard\ZMK-G915\zmk-g915.kicad_pcb
[board_modifier.py:85]: Setting LED114 footprint position: (275620615, 161353500)
[key_placer.py:775]: Placing additional elements for MX35
[board_modifier.py:98]: Getting MX35 footprint position: (158749365, 85153500)
[board_modifier.py:75]: Searching for optional C35 footprint in D:\Projects\keyboard\ZMK-G915\zmk-g915.kicad_pcb
[board_modifier.py:85]: Setting C35 footprint position: (164229365, 83853500)
[board_modifier.py:75]: Searching for optional LED35 footprint in D:\Projects\keyboard\ZMK-G915\zmk-g915.kicad_pcb
[board_modifier.py:85]: Setting LED35 footprint position: (158939365, 85153500)
[key_placer.py:775]: Placing additional elements for MX90
[board_modifier.py:98]: Getting MX90 footprint position: (39496365, 142303500)
[board_modifier.py:75]: Searching for optional C90 footprint in D:\Projects\keyboard\ZMK-G915\zmk-g915.kicad_pcb
[board_modifier.py:85]: Setting C90 footprint position: (44976365, 141003500)
[board_modifier.py:75]: Searching for optional LED90 footprint in D:\Projects\keyboard\ZMK-G915\zmk-g915.kicad_pcb
[board_modifier.py:85]: Setting LED90 footprint position: (39686365, 142303500)
[key_placer.py:775]: Placing additional elements for MX91
[board_modifier.py:98]: Getting MX91 footprint position: (75405614, 142303500)
[board_modifier.py:75]: Searching for optional C91 footprint in D:\Projects\keyboard\ZMK-G915\zmk-g915.kicad_pcb
[board_modifier.py:85]: Setting C91 footprint position: (80885614, 141003500)
[board_modifier.py:75]: Searching for optional LED91 footprint in D:\Projects\keyboard\ZMK-G915\zmk-g915.kicad_pcb
[board_modifier.py:85]: Setting LED91 footprint position: (75595614, 142303500)
[key_placer.py:775]: Placing additional elements for MX23
[board_modifier.py:98]: Getting MX23 footprint position: (374968770, 61341000)
[board_modifier.py:75]: Searching for optional C23 footprint in D:\Projects\keyboard\ZMK-G915\zmk-g915.kicad_pcb
[board_modifier.py:85]: Setting C23 footprint position: (380448770, 60041000)
[board_modifier.py:75]: Searching for optional LED23 footprint in D:\Projects\keyboard\ZMK-G915\zmk-g915.kicad_pcb
[board_modifier.py:85]: Setting LED23 footprint position: (375158770, 61341000)
[key_placer.py:775]: Placing additional elements for MX96
[board_modifier.py:98]: Getting MX96 footprint position: (182561865, 142303500)
[board_modifier.py:75]: Searching for optional C96 footprint in D:\Projects\keyboard\ZMK-G915\zmk-g915.kicad_pcb
[board_modifier.py:85]: Setting C96 footprint position: (188041865, 141003500)
[board_modifier.py:75]: Searching for optional LED96 footprint in D:\Projects\keyboard\ZMK-G915\zmk-g915.kicad_pcb
[board_modifier.py:85]: Setting LED96 footprint position: (182751865, 142303500)
[key_placer.py:775]: Placing additional elements for MX69
[board_modifier.py:98]: Getting MX69 footprint position: (419734365, 104203500)
[board_modifier.py:75]: Searching for optional C69 footprint in D:\Projects\keyboard\ZMK-G915\zmk-g915.kicad_pcb
[board_modifier.py:85]: Setting C69 footprint position: (425214365, 102903500)
[board_modifier.py:75]: Searching for optional LED69 footprint in D:\Projects\keyboard\ZMK-G915\zmk-g915.kicad_pcb
[board_modifier.py:85]: Setting LED69 footprint position: (419924365, 104203500)
[key_placer.py:775]: Placing additional elements for MX61
[board_modifier.py:98]: Getting MX61 footprint position: (244474365, 104203500)
[board_modifier.py:75]: Searching for optional C61 footprint in D:\Projects\keyboard\ZMK-G915\zmk-g915.kicad_pcb
[board_modifier.py:85]: Setting C61 footprint position: (249954365, 102903500)
[board_modifier.py:75]: Searching for optional LED61 footprint in D:\Projects\keyboard\ZMK-G915\zmk-g915.kicad_pcb
[board_modifier.py:85]: Setting LED61 footprint position: (244664365, 104203500)
[key_placer.py:775]: Placing additional elements for MX118
[board_modifier.py:98]: Getting MX118 footprint position: (374966865, 161353500)
[board_modifier.py:75]: Searching for optional C118 footprint in D:\Projects\keyboard\ZMK-G915\zmk-g915.kicad_pcb
[board_modifier.py:85]: Setting C118 footprint position: (380446865, 160053500)
[board_modifier.py:75]: Searching for optional LED118 footprint in D:\Projects\keyboard\ZMK-G915\zmk-g915.kicad_pcb
[board_modifier.py:85]: Setting LED118 footprint position: (375156865, 161353500)
[key_placer.py:775]: Placing additional elements for MX77
[board_modifier.py:98]: Getting MX77 footprint position: (134936865, 123253500)
[board_modifier.py:75]: Searching for optional C77 footprint in D:\Projects\keyboard\ZMK-G915\zmk-g915.kicad_pcb
[board_modifier.py:85]: Setting C77 footprint position: (140416865, 121953500)
[board_modifier.py:75]: Searching for optional LED77 footprint in D:\Projects\keyboard\ZMK-G915\zmk-g915.kicad_pcb
[board_modifier.py:85]: Setting LED77 footprint position: (135126865, 123253500)
